#
# A fatal error has been detected by the Java Runtime Environment:
#
#  EXCEPTION_UNCAUGHT_CXX_EXCEPTION (0xe06d7363) at pc=0x00007ffcbe769129, pid=13240, tid=0x0000000000000bfc
#
# JRE version: Java(TM) SE Runtime Environment (8.0_221-b11) (build 1.8.0_221-b11)
# Java VM: Java HotSpot(TM) 64-Bit Server VM (25.221-b11 mixed mode windows-amd64 compressed oops)
# Problematic frame:
# C  [KERNELBASE.dll+0x39129]
#
# Failed to write core dump. Minidumps are not enabled by default on client versions of Windows
#
# If you would like to submit a bug report, please visit:
#   http://bugreport.java.com/bugreport/crash.jsp
# The crash happened outside the Java Virtual Machine in native code.
# See problematic frame for where to report the bug.
#

---------------  T H R E A D  ---------------

Current thread (0x00000000206a8800):  JavaThread "Executor task launch worker for task 77" daemon [_thread_in_native, id=3068, stack(0x0000000045100000,0x0000000045200000)]

siginfo: ExceptionCode=0xe06d7363, ExceptionInformation=0x0000000019930520 0x00000000451fddf0 0x00007ffcae158a80 0x00007ffcae150000 

Registers:
RAX=0x00007ffcbdc6942e, RBX=0x00007ffcae158a80, RCX=0x00000000451fd6a0, RDX=0x00000000fffffffc
RSP=0x00000000451fdc80, RBP=0x00000000451fddc0, RSI=0x0000000000000000, RDI=0x00000000451fddf0
R8 =0x0000000000000004, R9 =0x00000c992d31a439, R10=0x00000000451fdb08, R11=0x0000000000000001
R12=0x0000000000e09290, R13=0x0000000025d3f118, R14=0x00000000451fdf98, R15=0x0000000000000000
RIP=0x00007ffcbe769129, EFLAGS=0x0000000000000206

Top of Stack: (sp=0x00000000451fdc80)
0x00000000451fdc80:   0000000000000001 00007ffcae158a80
0x00000000451fdc90:   0000000000000000 00000000451fddf0
0x00000000451fdca0:   00000001e06d7363 0000000000000000
0x00000000451fdcb0:   00007ffcbe769129 00007ffc00000004
0x00000000451fdcc0:   0000000019930520 00000000451fddf0
0x00000000451fdcd0:   00007ffcae158a80 00007ffcae150000
0x00000000451fdce0:   0000000025d3f118 0000000000e09290
0x00000000451fdcf0:   00000000451fddf0 0000000000000000
0x00000000451fdd00:   00000000451fddc0 00007ffcc1a748cf
0x00000000451fdd10:   00000000451fddd0 3f01010100000000
0x00000000451fdd20:   0000000000000000 00000000451fdd30
0x00000000451fdd30:   00007ffcae15e000 00007ffcae150000
0x00000000451fdd40:   00001ec73f31145c 0000000000000000
0x00000000451fdd50:   00007ffcae158a80 00007ffcaf3a486d
0x00000000451fdd60:   0000000025f48e70 00007ffcc1a59880
0x00000000451fdd70:   0000581e1062d04c 00007ffcbdc617e1 

Instructions: (pc=0x00007ffcbe769129)
0x00007ffcbe769109:   8b d1 44 0f 47 c0 44 89 44 24 38 49 c1 e0 03 e8
0x00007ffcbe769119:   2a 1d 05 00 48 8d 4c 24 20 48 ff 15 ff 21 16 00
0x00007ffcbe769129:   0f 1f 44 00 00 48 8b 8c 24 c0 00 00 00 48 33 cc
0x00007ffcbe769139:   e8 12 e7 04 00 48 81 c4 d8 00 00 00 c3 83 64 24 


Register to memory mapping:

RAX=0x00007ffcbdc6942e is an unknown value
RBX=0x00007ffcae158a80 is an unknown value
RCX=0x00000000451fd6a0 is pointing into the stack for thread: 0x00000000206a8800
RDX=0x00000000fffffffc is an unallocated location in the heap
RSP=0x00000000451fdc80 is pointing into the stack for thread: 0x00000000206a8800
RBP=0x00000000451fddc0 is pointing into the stack for thread: 0x00000000206a8800
RSI=0x0000000000000000 is an unknown value
RDI=0x00000000451fddf0 is pointing into the stack for thread: 0x00000000206a8800
R8 =0x0000000000000004 is an unknown value
R9 =0x00000c992d31a439 is an unknown value
R10=0x00000000451fdb08 is pointing into the stack for thread: 0x00000000206a8800
R11=0x0000000000000001 is an unknown value
R12=0x0000000000e09290 is an unknown value
R13={method} {0x0000000025d3f120} 'LGBM_BoosterSaveModelToStringSWIG' '(JIIJJ)Ljava/lang/String;' in 'com/microsoft/ml/lightgbm/lightgbmlibJNI'
R14=0x00000000451fdf98 is pointing into the stack for thread: 0x00000000206a8800
R15=0x0000000000000000 is an unknown value


Stack: [0x0000000045100000,0x0000000045200000],  sp=0x00000000451fdc80,  free space=1015k
Native frames: (J=compiled Java code, j=interpreted, Vv=VM code, C=native code)
C  [KERNELBASE.dll+0x39129]
C  [VCRUNTIME140.dll+0x486d]
C  [lib_lightgbm_swig.dll+0x5a53]
C  [lib_lightgbm_swig.dll+0x53a7]
C  [lib_lightgbm_swig.dll+0x401e]
C  0x0000000002d38c67

Java frames: (J=compiled Java code, j=interpreted, Vv=VM code)
j  com.microsoft.ml.lightgbm.lightgbmlibJNI.LGBM_BoosterSaveModelToStringSWIG(JIIJJ)Ljava/lang/String;+0
j  com.microsoft.ml.lightgbm.lightgbmlib.LGBM_BoosterSaveModelToStringSWIG(Lcom/microsoft/ml/lightgbm/SWIGTYPE_p_void;IILcom/microsoft/ml/lightgbm/SWIGTYPE_p_int64_t;Lcom/microsoft/ml/lightgbm/SWIGTYPE_p_int64_t;)Ljava/lang/String;+15
j  com.microsoft.ml.spark.lightgbm.TrainUtils$.saveBoosterToString(Lscala/Option;Lorg/slf4j/Logger;)Ljava/lang/String;+43
j  com.microsoft.ml.spark.lightgbm.TrainUtils$.translate(Ljava/lang/String;Ljava/lang/String;Lscala/Option;Lscala/Option;Lscala/Option;Lscala/Option;Lorg/slf4j/Logger;Lcom/microsoft/ml/spark/lightgbm/TrainParams;Lorg/apache/spark/sql/types/StructType;Lscala/collection/Iterator;)Lscala/collection/Iterator;+134
j  com.microsoft.ml.spark.lightgbm.TrainUtils$.trainLightGBM(Lcom/microsoft/ml/spark/lightgbm/NetworkParams;Ljava/lang/String;Ljava/lang/String;Lscala/Option;Lscala/Option;Lscala/Option;Lscala/Option;Lorg/slf4j/Logger;Lcom/microsoft/ml/spark/lightgbm/TrainParams;ILorg/apache/spark/sql/types/StructType;Lscala/collection/Iterator;)Lscala/collection/Iterator;+239
j  com.microsoft.ml.spark.lightgbm.LightGBMBase$$anonfun$6.apply(Lscala/collection/Iterator;)Lscala/collection/Iterator;+99
j  com.microsoft.ml.spark.lightgbm.LightGBMBase$$anonfun$6.apply(Ljava/lang/Object;)Ljava/lang/Object;+5
j  org.apache.spark.sql.execution.MapPartitionsExec$$anonfun$5.apply(Lscala/collection/Iterator;)Lscala/collection/Iterator;+59
j  org.apache.spark.sql.execution.MapPartitionsExec$$anonfun$5.apply(Ljava/lang/Object;)Ljava/lang/Object;+5
j  org.apache.spark.rdd.RDD$$anonfun$mapPartitionsInternal$1$$anonfun$apply$24.apply(Lorg/apache/spark/TaskContext;ILscala/collection/Iterator;)Lscala/collection/Iterator;+8
j  org.apache.spark.rdd.RDD$$anonfun$mapPartitionsInternal$1$$anonfun$apply$24.apply(Ljava/lang/Object;Ljava/lang/Object;Ljava/lang/Object;)Ljava/lang/Object;+13
j  org.apache.spark.rdd.MapPartitionsRDD.compute(Lorg/apache/spark/Partition;Lorg/apache/spark/TaskContext;)Lscala/collection/Iterator;+27
J 13539 C1 org.apache.spark.rdd.RDD.computeOrReadCheckpoint(Lorg/apache/spark/Partition;Lorg/apache/spark/TaskContext;)Lscala/collection/Iterator; (30 bytes) @ 0x00000000052b9f7c [0x00000000052b8380+0x1bfc]
j  org.apache.spark.rdd.RDD.iterator(Lorg/apache/spark/Partition;Lorg/apache/spark/TaskContext;)Lscala/collection/Iterator;+33
j  org.apache.spark.rdd.MapPartitionsRDD.compute(Lorg/apache/spark/Partition;Lorg/apache/spark/TaskContext;)Lscala/collection/Iterator;+24
J 13539 C1 org.apache.spark.rdd.RDD.computeOrReadCheckpoint(Lorg/apache/spark/Partition;Lorg/apache/spark/TaskContext;)Lscala/collection/Iterator; (30 bytes) @ 0x00000000052b9f7c [0x00000000052b8380+0x1bfc]
j  org.apache.spark.rdd.RDD.iterator(Lorg/apache/spark/Partition;Lorg/apache/spark/TaskContext;)Lscala/collection/Iterator;+33
j  org.apache.spark.scheduler.ResultTask.runTask(Lorg/apache/spark/TaskContext;)Ljava/lang/Object;+187
j  org.apache.spark.scheduler.Task.run(JILorg/apache/spark/metrics/MetricsSystem;)Ljava/lang/Object;+204
j  org.apache.spark.executor.Executor$TaskRunner$$anonfun$10.apply()Ljava/lang/Object;+37
J 8642 C1 org.apache.spark.util.Utils$.tryWithSafeFinally(Lscala/Function0;Lscala/Function0;)Ljava/lang/Object; (182 bytes) @ 0x00000000042d4154 [0x00000000042d4040+0x114]
j  org.apache.spark.executor.Executor$TaskRunner.run()V+383
J 10729 C1 java.util.concurrent.ThreadPoolExecutor.runWorker(Ljava/util/concurrent/ThreadPoolExecutor$Worker;)V (225 bytes) @ 0x00000000048d70ec [0x00000000048d60a0+0x104c]
J 10728 C1 java.util.concurrent.ThreadPoolExecutor$Worker.run()V (9 bytes) @ 0x00000000048cb0c4 [0x00000000048cafc0+0x104]
J 11497 C1 java.lang.Thread.run()V (17 bytes) @ 0x0000000004bc7684 [0x0000000004bc7540+0x144]
v  ~StubRoutines::call_stub

---------------  P R O C E S S  ---------------

Java Threads: ( => current thread )
  0x00000000206a2000 JavaThread "pool-19-thread-1" [_thread_blocked, id=12576, stack(0x0000000045200000,0x0000000045300000)]
=>0x00000000206a8800 JavaThread "Executor task launch worker for task 77" daemon [_thread_in_native, id=3068, stack(0x0000000045100000,0x0000000045200000)]
  0x00000000206a8000 JavaThread "Executor task launch worker for task 73" daemon [_thread_blocked, id=12328, stack(0x0000000045000000,0x0000000045100000)]
  0x00000000206a2800 JavaThread "Executor task launch worker for task 72" daemon [_thread_blocked, id=3580, stack(0x0000000044f00000,0x0000000045000000)]
  0x00000000206a7000 JavaThread "Executor task launch worker for task 71" daemon [_thread_blocked, id=10308, stack(0x0000000044e00000,0x0000000044f00000)]
  0x00000000206a1000 JavaThread "Thread-18" [_thread_in_native, id=11600, stack(0x0000000044d00000,0x0000000044e00000)]
  0x00000000206a6800 JavaThread "task-result-getter-3" daemon [_thread_blocked, id=9636, stack(0x00000000277c0000,0x00000000278c0000)]
  0x00000000206ad000 JavaThread "task-result-getter-2" daemon [_thread_blocked, id=7836, stack(0x00000000276c0000,0x00000000277c0000)]
  0x000000001cdd8000 JavaThread "task-result-getter-1" daemon [_thread_blocked, id=11800, stack(0x0000000025bc0000,0x0000000025cc0000)]
  0x000000001cdd0800 JavaThread "task-result-getter-0" daemon [_thread_blocked, id=12320, stack(0x00000000258c0000,0x00000000259c0000)]
  0x000000001cdd5000 JavaThread "threadDeathWatcher-7-1" daemon [_thread_blocked, id=1284, stack(0x00000000247b0000,0x00000000248b0000)]
  0x000000001cdd4800 JavaThread "rpc-server-3-2" daemon [_thread_in_native, id=13660, stack(0x00000000236a0000,0x00000000237a0000)]
  0x000000001cdd7800 JavaThread "files-client-6-1" daemon [_thread_in_native, id=13952, stack(0x00000000232a0000,0x00000000233a0000)]
  0x000000001cdd1800 JavaThread "spark-listener-group-streams" daemon [_thread_blocked, id=4328, stack(0x0000000021830000,0x0000000021930000)]
  0x000000001cdd2000 JavaThread "element-tracking-store-worker" daemon [_thread_blocked, id=11740, stack(0x0000000020560000,0x0000000020660000)]
  0x000000001a651800 JavaThread "spark-listener-group-executorManagement" daemon [_thread_blocked, id=3836, stack(0x00000000200d0000,0x00000000201d0000)]
  0x000000001a650000 JavaThread "spark-listener-group-appStatus" daemon [_thread_blocked, id=8740, stack(0x000000001ffd0000,0x00000000200d0000)]
  0x000000001a654800 JavaThread "context-cleaner-periodic-gc" daemon [_thread_blocked, id=14028, stack(0x000000001fed0000,0x000000001ffd0000)]
  0x000000001a64f000 JavaThread "Spark Context Cleaner" daemon [_thread_blocked, id=13524, stack(0x000000001fb90000,0x000000001fc90000)]
  0x000000001a655000 JavaThread "shuffle-server-5-1" daemon [_thread_in_native, id=7608, stack(0x000000001fa90000,0x000000001fb90000)]
  0x000000001a653000 JavaThread "driver-heartbeater" daemon [_thread_blocked, id=12880, stack(0x000000001f990000,0x000000001fa90000)]
  0x000000001a650800 JavaThread "dag-scheduler-event-loop" daemon [_thread_blocked, id=2568, stack(0x000000001f690000,0x000000001f790000)]
  0x000000001a652000 JavaThread "netty-rpc-env-timeout" daemon [_thread_blocked, id=1928, stack(0x000000001f590000,0x000000001f690000)]
  0x000000001a653800 JavaThread "Timer-1" daemon [_thread_blocked, id=3636, stack(0x000000001f490000,0x000000001f590000)]
  0x000000001a64e800 JavaThread "Timer-0" daemon [_thread_blocked, id=880, stack(0x000000001f390000,0x000000001f490000)]
  0x000000001996c800 JavaThread "heartbeat-receiver-event-loop-thread" daemon [_thread_blocked, id=12264, stack(0x000000001f190000,0x000000001f290000)]
  0x000000001996c000 JavaThread "SparkUI-39" daemon [_thread_blocked, id=84, stack(0x000000001ef90000,0x000000001f090000)]
  0x000000001996a800 JavaThread "SparkUI-38" daemon [_thread_blocked, id=6320, stack(0x000000001ee90000,0x000000001ef90000)]
  0x000000001996d800 JavaThread "SparkUI-37" daemon [_thread_blocked, id=9628, stack(0x000000001ed90000,0x000000001ee90000)]
  0x0000000019971000 JavaThread "SparkUI-36" daemon [_thread_blocked, id=8916, stack(0x000000001ec90000,0x000000001ed90000)]
  0x000000001996b000 JavaThread "SparkUI-35" daemon [_thread_blocked, id=7596, stack(0x000000001eb90000,0x000000001ec90000)]
  0x000000001996f800 JavaThread "SparkUI-34-acceptor-0@3984ae68-ServerConnector@37434728{HTTP/1.1,[http/1.1]}{0.0.0.0:4040}" daemon [_thread_in_native, id=12224, stack(0x000000001ea90000,0x000000001eb90000)]
  0x000000001996f000 JavaThread "SparkUI-33" daemon [_thread_in_native, id=8840, stack(0x000000001e990000,0x000000001ea90000)]
  0x000000001996e000 JavaThread "SparkUI-32" daemon [_thread_in_native, id=6488, stack(0x000000001e890000,0x000000001e990000)]
  0x0000000019970800 JavaThread "refresh progress" daemon [_thread_blocked, id=13092, stack(0x000000001e590000,0x000000001e690000)]
  0x000000001a49a000 JavaThread "RemoteBlock-temp-file-clean-thread" daemon [_thread_blocked, id=4952, stack(0x000000001e490000,0x000000001e590000)]
  0x000000001a49f000 JavaThread "map-output-dispatcher-7" daemon [_thread_blocked, id=5600, stack(0x000000001e390000,0x000000001e490000)]
  0x000000001a49a800 JavaThread "map-output-dispatcher-6" daemon [_thread_blocked, id=10336, stack(0x000000001e290000,0x000000001e390000)]
  0x000000001a49d000 JavaThread "map-output-dispatcher-5" daemon [_thread_blocked, id=2548, stack(0x000000001e190000,0x000000001e290000)]
  0x000000001a4a0000 JavaThread "map-output-dispatcher-4" daemon [_thread_blocked, id=13236, stack(0x000000001e090000,0x000000001e190000)]
  0x000000001a49c000 JavaThread "map-output-dispatcher-3" daemon [_thread_blocked, id=1344, stack(0x000000001de90000,0x000000001df90000)]
  0x000000001a49b800 JavaThread "map-output-dispatcher-2" daemon [_thread_blocked, id=9672, stack(0x000000001dd90000,0x000000001de90000)]
  0x000000001a49e800 JavaThread "map-output-dispatcher-1" daemon [_thread_blocked, id=13744, stack(0x000000001dc90000,0x000000001dd90000)]
  0x000000001a49d800 JavaThread "map-output-dispatcher-0" daemon [_thread_blocked, id=2824, stack(0x000000001cb10000,0x000000001cc10000)]
  0x000000001a499000 JavaThread "rpc-server-3-1" daemon [_thread_in_native, id=11540, stack(0x000000001ca10000,0x000000001cb10000)]
  0x000000001886b000 JavaThread "dispatcher-event-loop-3" daemon [_thread_blocked, id=9684, stack(0x000000001c510000,0x000000001c610000)]
  0x000000001a936000 JavaThread "dispatcher-event-loop-2" daemon [_thread_blocked, id=2240, stack(0x000000001c410000,0x000000001c510000)]
  0x000000001a217000 JavaThread "dispatcher-event-loop-1" daemon [_thread_blocked, id=13088, stack(0x000000001c310000,0x000000001c410000)]
  0x00000000195f8800 JavaThread "dispatcher-event-loop-0" daemon [_thread_blocked, id=2688, stack(0x000000001c210000,0x000000001c310000)]
  0x0000000019c34000 JavaThread "Thread-4" [_thread_blocked, id=7004, stack(0x000000001bf10000,0x000000001c010000)]
  0x000000001862c000 JavaThread "Thread-3" [_thread_in_native, id=2440, stack(0x000000001be10000,0x000000001bf10000)]
  0x00000000186fd000 JavaThread "pool-1-thread-1" [_thread_blocked, id=7000, stack(0x000000001bd10000,0x000000001be10000)]
  0x0000000019ca1800 JavaThread "org.apache.hadoop.fs.FileSystem$Statistics$StatisticsDataReferenceCleaner" daemon [_thread_blocked, id=7560, stack(0x000000001a4d0000,0x000000001a5d0000)]
  0x0000000016d80800 JavaThread "Service Thread" daemon [_thread_blocked, id=13712, stack(0x0000000017150000,0x0000000017250000)]
  0x0000000015406800 JavaThread "C1 CompilerThread2" daemon [_thread_blocked, id=13320, stack(0x0000000016c50000,0x0000000016d50000)]
  0x00000000153fe000 JavaThread "C2 CompilerThread1" daemon [_thread_blocked, id=1760, stack(0x0000000016b50000,0x0000000016c50000)]
  0x00000000153fb000 JavaThread "C2 CompilerThread0" daemon [_thread_blocked, id=9728, stack(0x0000000016a50000,0x0000000016b50000)]
  0x00000000153f9800 JavaThread "Attach Listener" daemon [_thread_blocked, id=7524, stack(0x0000000016950000,0x0000000016a50000)]
  0x00000000153f8000 JavaThread "Signal Dispatcher" daemon [_thread_blocked, id=10892, stack(0x0000000016850000,0x0000000016950000)]
  0x00000000153e3000 JavaThread "Finalizer" daemon [_thread_blocked, id=12584, stack(0x0000000016650000,0x0000000016750000)]
  0x00000000153da000 JavaThread "Reference Handler" daemon [_thread_blocked, id=13696, stack(0x0000000016550000,0x0000000016650000)]
  0x0000000002c2d800 JavaThread "main" [_thread_in_native, id=12212, stack(0x0000000002ad0000,0x0000000002bd0000)]

Other Threads:
  0x00000000153b7000 VMThread [stack: 0x0000000016450000,0x0000000016550000] [id=5972]
  0x0000000016e5a800 WatcherThread [stack: 0x0000000017250000,0x0000000017350000] [id=11228]

VM state:not at safepoint (normal execution)

VM Mutex/Monitor currently owned by a thread: None

heap address: 0x00000000c0000000, size: 1024 MB, Compressed Oops mode: 32-bit
Narrow klass base: 0x0000000000000000, Narrow klass shift: 3
Compressed class space size: 1073741824 Address: 0x0000000100000000

Heap:
 PSYoungGen      total 305664K, used 303313K [0x00000000eab00000, 0x00000000ff700000, 0x0000000100000000)
  eden space 291328K, 99% used [0x00000000eab00000,0x00000000fc537da0,0x00000000fc780000)
  from space 14336K, 99% used [0x00000000fe900000,0x00000000ff6fc948,0x00000000ff700000)
  to   space 19968K, 0% used [0x00000000fd000000,0x00000000fd000000,0x00000000fe380000)
 ParOldGen       total 184832K, used 53551K [0x00000000c0000000, 0x00000000cb480000, 0x00000000eab00000)
  object space 184832K, 28% used [0x00000000c0000000,0x00000000c344bf10,0x00000000cb480000)
 Metaspace       used 88704K, capacity 89988K, committed 90240K, reserved 1126400K
  class space    used 12777K, capacity 13067K, committed 13184K, reserved 1048576K

Card table byte_map: [0x00000000120e0000,0x00000000122f0000] byte_map_base: 0x0000000011ae0000

Marking Bits: (ParMarkBitMap*) 0x000000005f105ce0
 Begin Bits: [0x0000000012850000, 0x0000000013850000)
 End Bits:   [0x0000000013850000, 0x0000000014850000)

Polling page: 0x0000000000d10000

CodeCache: size=245760Kb used=38513Kb max_used=38749Kb free=207246Kb
 bounds [0x0000000002d20000, 0x0000000005340000, 0x0000000011d20000]
 total_blobs=12350 nmethods=11644 adapters=615
 compilation: enabled

Compilation events (10 events):
Event: 538.512 Thread 0x0000000015406800 13672       3       com.microsoft.ml.lightgbm.SWIGTYPE_p_int::getCPtr (13 bytes)
Event: 538.512 Thread 0x0000000015406800 nmethod 13672 0x00000000048cc8d0 code [0x00000000048cca20, 0x00000000048ccbb0]
Event: 538.512 Thread 0x00000000153fe000 nmethod 13664 0x00000000038659d0 code [0x0000000003865b60, 0x0000000003866158]
Event: 538.512 Thread 0x00000000153fe000 13665       4       org.apache.spark.sql.catalyst.expressions.GenericInternalRow::getArray (6 bytes)
Event: 538.513 Thread 0x00000000153fe000 nmethod 13665 0x0000000003f7b950 code [0x0000000003f7baa0, 0x0000000003f7bb58]
Event: 538.513 Thread 0x0000000015406800 13673       1       com.microsoft.ml.spark.lightgbm.ClassifierTrainParams::numIterations (5 bytes)
Event: 538.513 Thread 0x0000000015406800 nmethod 13673 0x0000000003c75210 code [0x0000000003c75360, 0x0000000003c75470]
Event: 538.515 Thread 0x00000000153fb000 nmethod 13660 0x0000000003c35cd0 code [0x0000000003c35f00, 0x0000000003c36ff8]
Event: 538.516 Thread 0x0000000015406800 13674       1       com.microsoft.ml.spark.lightgbm.ClassifierTrainParams::isProvideTrainingMetric (5 bytes)
Event: 538.516 Thread 0x0000000015406800 nmethod 13674 0x0000000003f7b650 code [0x0000000003f7b7a0, 0x0000000003f7b8b0]

GC Heap History (10 events):
Event: 25.511 GC heap before
{Heap before GC invocations=17 (full 3):
 PSYoungGen      total 290816K, used 286672K [0x00000000eab00000, 0x0000000100000000, 0x0000000100000000)
  eden space 274944K, 100% used [0x00000000eab00000,0x00000000fb780000,0x00000000fb780000)
  from space 15872K, 73% used [0x00000000fb780000,0x00000000fc2f40f8,0x00000000fc700000)
  to   space 16384K, 0% used [0x00000000ff000000,0x00000000ff000000,0x0000000100000000)
 ParOldGen       total 184832K, used 53037K [0x00000000c0000000, 0x00000000cb480000, 0x00000000eab00000)
  object space 184832K, 28% used [0x00000000c0000000,0x00000000c33cb728,0x00000000cb480000)
 Metaspace       used 79340K, capacity 80088K, committed 80256K, reserved 1118208K
  class space    used 11655K, capacity 11829K, committed 11904K, reserved 1048576K
Event: 25.519 GC heap after
Heap after GC invocations=17 (full 3):
 PSYoungGen      total 332800K, used 11626K [0x00000000eab00000, 0x0000000100000000, 0x0000000100000000)
  eden space 316416K, 0% used [0x00000000eab00000,0x00000000eab00000,0x00000000fe000000)
  from space 16384K, 70% used [0x00000000ff000000,0x00000000ffb5ab48,0x0000000100000000)
  to   space 16384K, 0% used [0x00000000fe000000,0x00000000fe000000,0x00000000ff000000)
 ParOldGen       total 184832K, used 53045K [0x00000000c0000000, 0x00000000cb480000, 0x00000000eab00000)
  object space 184832K, 28% used [0x00000000c0000000,0x00000000c33cd728,0x00000000cb480000)
 Metaspace       used 79340K, capacity 80088K, committed 80256K, reserved 1118208K
  class space    used 11655K, capacity 11829K, committed 11904K, reserved 1048576K
}
Event: 104.638 GC heap before
{Heap before GC invocations=18 (full 3):
 PSYoungGen      total 332800K, used 327321K [0x00000000eab00000, 0x0000000100000000, 0x0000000100000000)
  eden space 316416K, 99% used [0x00000000eab00000,0x00000000fdf4bc40,0x00000000fe000000)
  from space 16384K, 70% used [0x00000000ff000000,0x00000000ffb5ab48,0x0000000100000000)
  to   space 16384K, 0% used [0x00000000fe000000,0x00000000fe000000,0x00000000ff000000)
 ParOldGen       total 184832K, used 53045K [0x00000000c0000000, 0x00000000cb480000, 0x00000000eab00000)
  object space 184832K, 28% used [0x00000000c0000000,0x00000000c33cd728,0x00000000cb480000)
 Metaspace       used 84788K, capacity 85662K, committed 85888K, reserved 1122304K
  class space    used 12367K, capacity 12569K, committed 12672K, reserved 1048576K
Event: 104.652 GC heap after
Heap after GC invocations=18 (full 3):
 PSYoungGen      total 332288K, used 15583K [0x00000000eab00000, 0x0000000100000000, 0x0000000100000000)
  eden space 316416K, 0% used [0x00000000eab00000,0x00000000eab00000,0x00000000fe000000)
  from space 15872K, 98% used [0x00000000fe000000,0x00000000fef37c90,0x00000000fef80000)
  to   space 16896K, 0% used [0x00000000fef80000,0x00000000fef80000,0x0000000100000000)
 ParOldGen       total 184832K, used 53053K [0x00000000c0000000, 0x00000000cb480000, 0x00000000eab00000)
  object space 184832K, 28% used [0x00000000c0000000,0x00000000c33cf728,0x00000000cb480000)
 Metaspace       used 84788K, capacity 85662K, committed 85888K, reserved 1122304K
  class space    used 12367K, capacity 12569K, committed 12672K, reserved 1048576K
}
Event: 106.194 GC heap before
{Heap before GC invocations=19 (full 3):
 PSYoungGen      total 332288K, used 331999K [0x00000000eab00000, 0x0000000100000000, 0x0000000100000000)
  eden space 316416K, 100% used [0x00000000eab00000,0x00000000fe000000,0x00000000fe000000)
  from space 15872K, 98% used [0x00000000fe000000,0x00000000fef37c90,0x00000000fef80000)
  to   space 16896K, 0% used [0x00000000fef80000,0x00000000fef80000,0x0000000100000000)
 ParOldGen       total 184832K, used 53053K [0x00000000c0000000, 0x00000000cb480000, 0x00000000eab00000)
  object space 184832K, 28% used [0x00000000c0000000,0x00000000c33cf728,0x00000000cb480000)
 Metaspace       used 85300K, capacity 86224K, committed 86400K, reserved 1122304K
  class space    used 12378K, capacity 12588K, committed 12672K, reserved 1048576K
Event: 106.203 GC heap after
Heap after GC invocations=19 (full 3):
 PSYoungGen      total 328192K, used 14132K [0x00000000eab00000, 0x0000000100000000, 0x0000000100000000)
  eden space 311296K, 0% used [0x00000000eab00000,0x00000000eab00000,0x00000000fdb00000)
  from space 16896K, 83% used [0x00000000fef80000,0x00000000ffd4d308,0x0000000100000000)
  to   space 18944K, 0% used [0x00000000fdb00000,0x00000000fdb00000,0x00000000fed80000)
 ParOldGen       total 184832K, used 53061K [0x00000000c0000000, 0x00000000cb480000, 0x00000000eab00000)
  object space 184832K, 28% used [0x00000000c0000000,0x00000000c33d1728,0x00000000cb480000)
 Metaspace       used 85300K, capacity 86224K, committed 86400K, reserved 1122304K
  class space    used 12378K, capacity 12588K, committed 12672K, reserved 1048576K
}
Event: 109.347 GC heap before
{Heap before GC invocations=20 (full 3):
 PSYoungGen      total 328192K, used 325428K [0x00000000eab00000, 0x0000000100000000, 0x0000000100000000)
  eden space 311296K, 100% used [0x00000000eab00000,0x00000000fdb00000,0x00000000fdb00000)
  from space 16896K, 83% used [0x00000000fef80000,0x00000000ffd4d308,0x0000000100000000)
  to   space 18944K, 0% used [0x00000000fdb00000,0x00000000fdb00000,0x00000000fed80000)
 ParOldGen       total 184832K, used 53061K [0x00000000c0000000, 0x00000000cb480000, 0x00000000eab00000)
  object space 184832K, 28% used [0x00000000c0000000,0x00000000c33d1728,0x00000000cb480000)
 Metaspace       used 85741K, capacity 86680K, committed 86912K, reserved 1124352K
  class space    used 12387K, capacity 12600K, committed 12672K, reserved 1048576K
Event: 109.361 GC heap after
Heap after GC invocations=20 (full 3):
 PSYoungGen      total 315392K, used 14063K [0x00000000eab00000, 0x00000000ff700000, 0x0000000100000000)
  eden space 301056K, 0% used [0x00000000eab00000,0x00000000eab00000,0x00000000fd100000)
  from space 14336K, 98% used [0x00000000fdb00000,0x00000000fe8bbdb8,0x00000000fe900000)
  to   space 14336K, 0% used [0x00000000fe900000,0x00000000fe900000,0x00000000ff700000)
 ParOldGen       total 184832K, used 53069K [0x00000000c0000000, 0x00000000cb480000, 0x00000000eab00000)
  object space 184832K, 28% used [0x00000000c0000000,0x00000000c33d3728,0x00000000cb480000)
 Metaspace       used 85741K, capacity 86680K, committed 86912K, reserved 1124352K
  class space    used 12387K, capacity 12600K, committed 12672K, reserved 1048576K
}
Event: 200.349 GC heap before
{Heap before GC invocations=21 (full 3):
 PSYoungGen      total 315392K, used 315119K [0x00000000eab00000, 0x00000000ff700000, 0x0000000100000000)
  eden space 301056K, 100% used [0x00000000eab00000,0x00000000fd100000,0x00000000fd100000)
  from space 14336K, 98% used [0x00000000fdb00000,0x00000000fe8bbdb8,0x00000000fe900000)
  to   space 14336K, 0% used [0x00000000fe900000,0x00000000fe900000,0x00000000ff700000)
 ParOldGen       total 184832K, used 53069K [0x00000000c0000000, 0x00000000cb480000, 0x00000000eab00000)
  object space 184832K, 28% used [0x00000000c0000000,0x00000000c33d3728,0x00000000cb480000)
 Metaspace       used 87475K, capacity 88650K, committed 88704K, reserved 1124352K
  class space    used 12619K, capacity 12888K, committed 12928K, reserved 1048576K
Event: 200.359 GC heap after
Heap after GC invocations=21 (full 3):
 PSYoungGen      total 305664K, used 14322K [0x00000000eab00000, 0x00000000ff700000, 0x0000000100000000)
  eden space 291328K, 0% used [0x00000000eab00000,0x00000000eab00000,0x00000000fc780000)
  from space 14336K, 99% used [0x00000000fe900000,0x00000000ff6fc948,0x00000000ff700000)
  to   space 19968K, 0% used [0x00000000fd000000,0x00000000fd000000,0x00000000fe380000)
 ParOldGen       total 184832K, used 53551K [0x00000000c0000000, 0x00000000cb480000, 0x00000000eab00000)
  object space 184832K, 28% used [0x00000000c0000000,0x00000000c344bf10,0x00000000cb480000)
 Metaspace       used 87475K, capacity 88650K, committed 88704K, reserved 1124352K
  class space    used 12619K, capacity 12888K, committed 12928K, reserved 1048576K
}

Deoptimization events (10 events):
Event: 537.812 Thread 0x000000001a650800 Uncommon trap: reason=class_check action=maybe_recompile pc=0x00000000042a7f50 method=scala.collection.immutable.Map$Map2.updated(Ljava/lang/Object;Ljava/lang/Object;)Lscala/collection/immutable/Map; @ 30
Event: 537.812 Thread 0x000000001a650800 Uncommon trap: reason=class_check action=maybe_recompile pc=0x00000000046fd248 method=scala.collection.immutable.Map$Map3.updated(Ljava/lang/Object;Ljava/lang/Object;)Lscala/collection/immutable/Map; @ 30
Event: 537.814 Thread 0x000000001a650800 Uncommon trap: reason=class_check action=maybe_recompile pc=0x00000000042a7f50 method=scala.collection.immutable.Map$Map2.updated(Ljava/lang/Object;Ljava/lang/Object;)Lscala/collection/immutable/Map; @ 30
Event: 537.814 Thread 0x000000001a650800 Uncommon trap: reason=class_check action=maybe_recompile pc=0x00000000046fd248 method=scala.collection.immutable.Map$Map3.updated(Ljava/lang/Object;Ljava/lang/Object;)Lscala/collection/immutable/Map; @ 30
Event: 537.819 Thread 0x000000001a936000 Uncommon trap: reason=bimorphic action=maybe_recompile pc=0x0000000002f91d4c method=scala.collection.generic.GenMapFactory$MapCanBuildFrom.apply(Lscala/collection/GenMap;)Lscala/collection/mutable/Builder; @ 4
Event: 537.879 Thread 0x000000001886b000 Uncommon trap: reason=bimorphic action=maybe_recompile pc=0x0000000002f91d4c method=scala.collection.generic.GenMapFactory$MapCanBuildFrom.apply(Lscala/collection/GenMap;)Lscala/collection/mutable/Builder; @ 4
Event: 537.880 Thread 0x0000000019c34000 Uncommon trap: reason=bimorphic action=maybe_recompile pc=0x00000000037d5748 method=scala.collection.TraversableLike$class.$plus$plus(Lscala/collection/TraversableLike;Lscala/collection/GenTraversableOnce;Lscala/collection/generic/CanBuildFrom;)Ljava/lang
Event: 537.979 Thread 0x0000000019c34000 Uncommon trap: reason=bimorphic action=maybe_recompile pc=0x000000000504d56c method=scala.collection.GenSeqLike$class.equals(Lscala/collection/GenSeqLike;Ljava/lang/Object;)Z @ 24
Event: 538.469 Thread 0x00000000206a8800 Uncommon trap: reason=bimorphic action=maybe_recompile pc=0x0000000003ac6c20 method=java.nio.charset.CharsetDecoder.replaceWith(Ljava/lang/String;)Ljava/nio/charset/CharsetDecoder; @ 63
Event: 538.469 Thread 0x00000000206a2000 Uncommon trap: reason=bimorphic action=maybe_recompile pc=0x0000000003ac6c20 method=java.nio.charset.CharsetDecoder.replaceWith(Ljava/lang/String;)Ljava/nio/charset/CharsetDecoder; @ 63

Classes redefined (0 events):
No events

Internal exceptions (10 events):
Event: 200.412 Thread 0x000000001a650800 Exception <a 'java/lang/NoSuchMethodError': <clinit>> (0x00000000ec5fd8f8) thrown at [C:\re\workspace\8-2-build-windows-amd64-cygwin\jdk8u221\13320\hotspot\src\share\vm\prims\jni.cpp, line 1614]
Event: 200.413 Thread 0x000000001a650800 Exception <a 'java/lang/NoSuchMethodError': <clinit>> (0x00000000ec60cfb0) thrown at [C:\re\workspace\8-2-build-windows-amd64-cygwin\jdk8u221\13320\hotspot\src\share\vm\prims\jni.cpp, line 1614]
Event: 200.413 Thread 0x000000001a650800 Exception <a 'java/lang/NoSuchMethodError': <clinit>> (0x00000000ec626fc0) thrown at [C:\re\workspace\8-2-build-windows-amd64-cygwin\jdk8u221\13320\hotspot\src\share\vm\prims\jni.cpp, line 1614]
Event: 200.413 Thread 0x000000001a650800 Exception <a 'java/lang/NoSuchMethodError': <clinit>> (0x00000000ec633ec0) thrown at [C:\re\workspace\8-2-build-windows-amd64-cygwin\jdk8u221\13320\hotspot\src\share\vm\prims\jni.cpp, line 1614]
Event: 200.414 Thread 0x000000001a650800 Exception <a 'java/lang/NoSuchMethodError': <clinit>> (0x00000000ec641410) thrown at [C:\re\workspace\8-2-build-windows-amd64-cygwin\jdk8u221\13320\hotspot\src\share\vm\prims\jni.cpp, line 1614]
Event: 200.414 Thread 0x000000001a650800 Exception <a 'java/lang/NoSuchMethodError': <clinit>> (0x00000000ec656ba8) thrown at [C:\re\workspace\8-2-build-windows-amd64-cygwin\jdk8u221\13320\hotspot\src\share\vm\prims\jni.cpp, line 1614]
Event: 200.415 Thread 0x000000001a650800 Exception <a 'java/lang/NoSuchMethodError': <clinit>> (0x00000000ec677b28) thrown at [C:\re\workspace\8-2-build-windows-amd64-cygwin\jdk8u221\13320\hotspot\src\share\vm\prims\jni.cpp, line 1614]
Event: 200.415 Thread 0x000000001a650800 Exception <a 'java/lang/NoSuchMethodError': <clinit>> (0x00000000ec6874a8) thrown at [C:\re\workspace\8-2-build-windows-amd64-cygwin\jdk8u221\13320\hotspot\src\share\vm\prims\jni.cpp, line 1614]
Event: 200.418 Thread 0x000000001a217000 Exception <a 'java/lang/NoSuchMethodError': <clinit>> (0x00000000ecb3d488) thrown at [C:\re\workspace\8-2-build-windows-amd64-cygwin\jdk8u221\13320\hotspot\src\share\vm\prims\jni.cpp, line 1614]
Event: 204.292 Thread 0x0000000019c34000 Exception <a 'java/lang/reflect/InvocationTargetException'> (0x00000000ef16ba70) thrown at [C:\re\workspace\8-2-build-windows-amd64-cygwin\jdk8u221\13320\hotspot\src\share\vm\runtime\reflection.cpp, line 1092]

Events (10 events):
Event: 538.320 Thread 0x0000000015406800 flushing nmethod 0x0000000004f0ac90
Event: 538.320 Thread 0x0000000015406800 flushing nmethod 0x0000000004f10210
Event: 538.320 Thread 0x0000000015406800 flushing nmethod 0x0000000004f3bdd0
Event: 538.469 Thread 0x00000000206a8800 Uncommon trap: trap_request=0xffffffc6 fr.pc=0x0000000003ac6c20
Event: 538.469 Thread 0x00000000206a8800 DEOPT PACKING pc=0x0000000003ac6c20 sp=0x00000000451fdaf0
Event: 538.469 Thread 0x00000000206a8800 DEOPT UNPACKING pc=0x0000000002d6583b sp=0x00000000451fda38 mode 2
Event: 538.469 Thread 0x00000000206a2000 Uncommon trap: trap_request=0xffffffc6 fr.pc=0x0000000003ac6c20
Event: 538.469 Thread 0x00000000206a2000 DEOPT PACKING pc=0x0000000003ac6c20 sp=0x00000000452feae0
Event: 538.469 Thread 0x00000000206a2000 DEOPT UNPACKING pc=0x0000000002d6583b sp=0x00000000452fea28 mode 2
Event: 538.475 Thread 0x0000000015406800 flushing nmethod 0x0000000004fd2290


Dynamic libraries:
0x00007ff780510000 - 0x00007ff780547000 	C:\Program Files\Java\jdk1.8.0_221\bin\java.exe
0x00007ffcc1a00000 - 0x00007ffcc1bed000 	C:\WINDOWS\SYSTEM32\ntdll.dll
0x00007ffcbf250000 - 0x00007ffcbf303000 	C:\WINDOWS\System32\KERNEL32.DLL
0x00007ffcbe730000 - 0x00007ffcbe9c3000 	C:\WINDOWS\System32\KERNELBASE.dll
0x00007ffcbf310000 - 0x00007ffcbf3b3000 	C:\WINDOWS\System32\ADVAPI32.dll
0x00007ffcc1460000 - 0x00007ffcc14fe000 	C:\WINDOWS\System32\msvcrt.dll
0x00007ffcc1900000 - 0x00007ffcc199e000 	C:\WINDOWS\System32\sechost.dll
0x00007ffcbf980000 - 0x00007ffcbfaa2000 	C:\WINDOWS\System32\RPCRT4.dll
0x00007ffcbf0b0000 - 0x00007ffcbf247000 	C:\WINDOWS\System32\USER32.dll
0x00007ffcbe9f0000 - 0x00007ffcbea10000 	C:\WINDOWS\System32\win32u.dll
0x00007ffcc1500000 - 0x00007ffcc1529000 	C:\WINDOWS\System32\GDI32.dll
0x00007ffcbea10000 - 0x00007ffcbeba9000 	C:\WINDOWS\System32\gdi32full.dll
0x00007ffcbdaa0000 - 0x00007ffcbdb40000 	C:\WINDOWS\System32\msvcp_win.dll
0x00007ffcbdc50000 - 0x00007ffcbdd4a000 	C:\WINDOWS\System32\ucrtbase.dll
0x00007ffcb2ed0000 - 0x00007ffcb3149000 	C:\WINDOWS\WinSxS\amd64_microsoft.windows.common-controls_6595b64144ccf1df_6.0.17763.678_none_05b74150071d72bf\COMCTL32.dll
0x00007ffcbed80000 - 0x00007ffcbf0ac000 	C:\WINDOWS\System32\combase.dll
0x00007ffcbdbd0000 - 0x00007ffcbdc4e000 	C:\WINDOWS\System32\bcryptPrimitives.dll
0x00007ffcc1530000 - 0x00007ffcc155e000 	C:\WINDOWS\System32\IMM32.DLL
0x000000005f190000 - 0x000000005f262000 	C:\Program Files\Java\jdk1.8.0_221\jre\bin\msvcr100.dll
0x000000005e8e0000 - 0x000000005f185000 	C:\Program Files\Java\jdk1.8.0_221\jre\bin\server\jvm.dll
0x00007ffcbec00000 - 0x00007ffcbec08000 	C:\WINDOWS\System32\PSAPI.DLL
0x00007ffcb8390000 - 0x00007ffcb839a000 	C:\WINDOWS\SYSTEM32\VERSION.dll
0x00007ffcbbb50000 - 0x00007ffcbbb74000 	C:\WINDOWS\SYSTEM32\WINMM.dll
0x00007ffcaea10000 - 0x00007ffcaea19000 	C:\WINDOWS\SYSTEM32\WSOCK32.dll
0x00007ffcc1890000 - 0x00007ffcc18fd000 	C:\WINDOWS\System32\WS2_32.dll
0x00007ffcbbaf0000 - 0x00007ffcbbb1d000 	C:\WINDOWS\SYSTEM32\winmmbase.dll
0x00007ffcbebb0000 - 0x00007ffcbebfa000 	C:\WINDOWS\System32\cfgmgr32.dll
0x00007ffcb8630000 - 0x00007ffcb863f000 	C:\Program Files\Java\jdk1.8.0_221\jre\bin\verify.dll
0x00007ffcaa540000 - 0x00007ffcaa569000 	C:\Program Files\Java\jdk1.8.0_221\jre\bin\java.dll
0x00007ffcb8290000 - 0x00007ffcb82a6000 	C:\Program Files\Java\jdk1.8.0_221\jre\bin\zip.dll
0x00007ffcbfab0000 - 0x00007ffcc0fa0000 	C:\WINDOWS\System32\SHELL32.dll
0x00007ffcbec70000 - 0x00007ffcbed18000 	C:\WINDOWS\System32\shcore.dll
0x00007ffcbdf30000 - 0x00007ffcbe67a000 	C:\WINDOWS\System32\windows.storage.dll
0x00007ffcbd9f0000 - 0x00007ffcbda14000 	C:\WINDOWS\System32\profapi.dll
0x00007ffcbda20000 - 0x00007ffcbda7d000 	C:\WINDOWS\System32\powrprof.dll
0x00007ffcc1160000 - 0x00007ffcc11b2000 	C:\WINDOWS\System32\shlwapi.dll
0x00007ffcbd9d0000 - 0x00007ffcbd9e1000 	C:\WINDOWS\System32\kernel.appcore.dll
0x00007ffcbe9d0000 - 0x00007ffcbe9e7000 	C:\WINDOWS\System32\cryptsp.dll
0x00007ffcb76f0000 - 0x00007ffcb770a000 	C:\Program Files\Java\jdk1.8.0_221\jre\bin\net.dll
0x00007ffcb1cd0000 - 0x00007ffcb1ea7000 	C:\WINDOWS\SYSTEM32\urlmon.dll
0x00007ffcb03a0000 - 0x00007ffcb0648000 	C:\WINDOWS\SYSTEM32\iertutil.dll
0x00007ffcbd410000 - 0x00007ffcbd41c000 	C:\WINDOWS\SYSTEM32\CRYPTBASE.DLL
0x00007ffcbd240000 - 0x00007ffcbd2a7000 	C:\WINDOWS\system32\mswsock.dll
0x00007ffca3ca0000 - 0x00007ffca3cb6000 	C:\WINDOWS\system32\napinsp.dll
0x00007ffca3930000 - 0x00007ffca394a000 	C:\WINDOWS\system32\pnrpnsp.dll
0x00007ffcbcfa0000 - 0x00007ffcbd066000 	C:\WINDOWS\SYSTEM32\DNSAPI.dll
0x00007ffcc1880000 - 0x00007ffcc1888000 	C:\WINDOWS\System32\NSI.dll
0x00007ffcbcf60000 - 0x00007ffcbcf9d000 	C:\WINDOWS\SYSTEM32\IPHLPAPI.DLL
0x00007ffca73b0000 - 0x00007ffca73be000 	C:\WINDOWS\System32\winrnr.dll
0x00007ffcba140000 - 0x00007ffcba15b000 	C:\WINDOWS\system32\NLAapi.dll
0x00007ffca33b0000 - 0x00007ffca33c5000 	C:\WINDOWS\system32\wshbth.dll
0x00000000606c0000 - 0x00000000606e6000 	C:\Program Files\Bonjour\mdnsNSP.dll
0x00007ffcb27a0000 - 0x00007ffcb27aa000 	C:\Windows\System32\rasadhlp.dll
0x00007ffcb47f0000 - 0x00007ffcb4869000 	C:\WINDOWS\System32\fwpuclnt.dll
0x00007ffcbdb40000 - 0x00007ffcbdb66000 	C:\WINDOWS\System32\bcrypt.dll
0x00007ffcbcdc0000 - 0x00007ffcbcdf3000 	C:\WINDOWS\system32\rsaenh.dll
0x00007ffcbd900000 - 0x00007ffcbd928000 	C:\WINDOWS\SYSTEM32\USERENV.dll
0x00007ffcb48f0000 - 0x00007ffcb4906000 	C:\WINDOWS\SYSTEM32\dhcpcsvc6.DLL
0x00007ffcb48d0000 - 0x00007ffcb48ec000 	C:\WINDOWS\SYSTEM32\dhcpcsvc.DLL
0x00007ffcb7400000 - 0x00007ffcb7412000 	C:\Program Files\Java\jdk1.8.0_221\jre\bin\nio.dll
0x00007ffcb8620000 - 0x00007ffcb862d000 	C:\Program Files\Java\jdk1.8.0_221\jre\bin\management.dll
0x00007ffcafce0000 - 0x00007ffcafce9000 	C:\Program Files\Java\jdk1.8.0_221\jre\bin\w2k_lsa_auth.dll
0x00007ffcaf7b0000 - 0x00007ffcaf7bc000 	C:\WINDOWS\SYSTEM32\Secur32.dll
0x00007ffcbd8d0000 - 0x00007ffcbd8ff000 	C:\WINDOWS\SYSTEM32\SSPICLI.DLL
0x00007ffcafcd0000 - 0x00007ffcafcd8000 	C:\Program Files\Java\jdk1.8.0_221\jre\bin\jaas_nt.dll
0x00007ffcbca40000 - 0x00007ffcbca71000 	C:\WINDOWS\SYSTEM32\ntmarta.dll
0x0000000066f40000 - 0x0000000066f6d000 	C:\Users\Pablo\AppData\Local\Temp\liblz4-java1135311159099703834.so
0x00007ffca8ca0000 - 0x00007ffca8dc9000 	C:\Users\Pablo\AppData\Local\Temp\mml-natives8851058260278373947\lib_lightgbm.dll
0x00007ffcaf3c0000 - 0x00007ffcaf459000 	C:\WINDOWS\SYSTEM32\MSVCP140.dll
0x00007ffcaa4c0000 - 0x00007ffcaa4e9000 	C:\WINDOWS\SYSTEM32\VCOMP140.DLL
0x00007ffcaf3a0000 - 0x00007ffcaf3b6000 	C:\WINDOWS\SYSTEM32\VCRUNTIME140.dll
0x00007ffcae150000 - 0x00007ffcae161000 	C:\Users\Pablo\AppData\Local\Temp\mml-natives409224172715294129\lib_lightgbm_swig.dll
0x00007ffcafb60000 - 0x00007ffcafc89000 	C:\Users\Pablo\AppData\Local\Temp\mml-natives7441423051632719377\lib_lightgbm.dll
0x00007ffcba2e0000 - 0x00007ffcba2f1000 	C:\Users\Pablo\AppData\Local\Temp\mml-natives5311183946453901523\lib_lightgbm_swig.dll
0x00007ffcaa250000 - 0x00007ffcaa43d000 	C:\WINDOWS\SYSTEM32\dbghelp.dll

VM Arguments:
jvm_args: -Xmx1g 
java_command: org.apache.spark.deploy.SparkSubmit --conf spark.jars.packages=com.microsoft.ml.spark:mmlspark_2.11:0.18.1 --conf spark.app.name=MyApp pyspark-shell
java_class_path (initial): C:\Users\Pablo\Anaconda3\Lib\site-packages\pyspark\bin\..\conf;C:\Users\Pablo\Anaconda3\Lib\site-packages\pyspark\bin\..\jars\activation-1.1.1.jar;C:\Users\Pablo\Anaconda3\Lib\site-packages\pyspark\bin\..\jars\aircompressor-0.10.jar;C:\Users\Pablo\Anaconda3\Lib\site-packages\pyspark\bin\..\jars\antlr-2.7.7.jar;C:\Users\Pablo\Anaconda3\Lib\site-packages\pyspark\bin\..\jars\antlr-runtime-3.4.jar;C:\Users\Pablo\Anaconda3\Lib\site-packages\pyspark\bin\..\jars\antlr4-runtime-4.7.jar;C:\Users\Pablo\Anaconda3\Lib\site-packages\pyspark\bin\..\jars\aopalliance-1.0.jar;C:\Users\Pablo\Anaconda3\Lib\site-packages\pyspark\bin\..\jars\aopalliance-repackaged-2.4.0-b34.jar;C:\Users\Pablo\Anaconda3\Lib\site-packages\pyspark\bin\..\jars\apache-log4j-extras-1.2.17.jar;C:\Users\Pablo\Anaconda3\Lib\site-packages\pyspark\bin\..\jars\apacheds-i18n-2.0.0-M15.jar;C:\Users\Pablo\Anaconda3\Lib\site-packages\pyspark\bin\..\jars\apacheds-kerberos-codec-2.0.0-M15.jar;C:\Users\Pablo\Anaconda3\Lib\site-packages\pyspark\bin\..\jars\api-asn1-api-1.0.0-M20.jar;C:\Users\Pablo\Anaconda3\Lib\site-packages\pyspark\bin\..\jars\api-util-1.0.0-M20.jar;C:\Users\Pablo\Anaconda3\Lib\site-packages\pyspark\bin\..\jars\arpack_combined_all-0.1.jar;C:\Users\Pablo\Anaconda3\Lib\site-packages\pyspark\bin\..\jars\arrow-format-0.10.0.jar;C:\Users\Pablo\Anaconda3\Lib\site-packages\pyspark\bin\..\jars\arrow-memory-0.10.0.jar;C:\Users\Pablo\Anaconda3\Lib\site-packages\pyspark\bin\..\jars\arrow-vector-0.10.0.jar;C:\Users\Pablo\Anaconda3\Lib\site-packages\pyspark\bin\..\jars\automaton-1.11-8.jar;C:\Users\Pablo\Anaconda3\Lib\site-packages\pyspark\bin\..\jars\avro-1.8.2.jar;C:\Users\Pablo\Anaconda3\Lib\site-packages\pyspark\bin\..\jars\avro-ipc-1.8.2.jar;C:\Users\Pablo\Anaconda3\Lib\site-packages\pyspark\bin\..\jars\avro-mapred-1.8.2-hadoop2.jar;C:\Users\Pablo\Anaconda3\Lib\site-packages\pyspark\bin\..\jars\bonecp-0.8.0.RELEASE.jar;C:\Users\Pablo\Anaconda3\Lib\site-packages\pyspark\bin\..\jars\bre
Launcher Type: SUN_STANDARD

Environment Variables:
JAVA_HOME=C:\Program Files\Java\jdk1.8.0_221
PATH=C:\Users\Pablo\Anaconda3;C:\Users\Pablo\Anaconda3\Library\mingw-w64\bin;C:\Users\Pablo\Anaconda3\Library\usr\bin;C:\Users\Pablo\Anaconda3\Library\bin;C:\Users\Pablo\Anaconda3\Scripts;C:\Users\Pablo\Anaconda3\bin;C:\Users\Pablo\Anaconda3\condabin;C:\Users\Pablo\Anaconda3;C:\Users\Pablo\Anaconda3\Library\mingw-w64\bin;C:\Users\Pablo\Anaconda3\Library\usr\bin;C:\Users\Pablo\Anaconda3\Library\bin;C:\Users\Pablo\Anaconda3\Scripts;C:\Program Files (x86)\Common Files\Oracle\Java\javapath;C:\WINDOWS\system32;C:\WINDOWS;C:\WINDOWS\System32\Wbem;C:\WINDOWS\System32\WindowsPowerShell\v1.0;C:\WINDOWS\System32\OpenSSH;C:\Program Files\NVIDIA Corporation\NVIDIA NvDLISR;C:\Program Files (x86)\NVIDIA Corporation\PhysX\Common;C:\Program Files\CMake\bin;C:\Program Files\PuTTY;C:\Program Files\dotnet;C:\Program Files\Microsoft SQL Server\130\Tools\Binn;C:\Program Files\Microsoft SQL Server\Client SDK\ODBC\170\Tools\Binn;C:\Program Files\Java\jdk1.8.0_221\bin;C:\Users\Pablo\AppData\Local\Microsoft\WindowsApps;.
USERNAME=Pablo
OS=Windows_NT
PROCESSOR_IDENTIFIER=Intel64 Family 6 Model 60 Stepping 3, GenuineIntel



---------------  S Y S T E M  ---------------

OS: Windows 10.0 , 64 bit Build 17763 (10.0.17763.475)

CPU:total 4 (initial active 4) (4 cores per cpu, 1 threads per core) family 6 model 60 stepping 3, cmov, cx8, fxsr, mmx, sse, sse2, sse3, ssse3, sse4.1, sse4.2, popcnt, avx, avx2, aes, clmul, erms, lzcnt, tsc, tscinvbit, bmi1, bmi2

Memory: 4k page, physical 16667960k(10649228k free), swap 19158328k(12221464k free)

vm_info: Java HotSpot(TM) 64-Bit Server VM (25.221-b11) for windows-amd64 JRE (1.8.0_221-b11), built on Jul  4 2019 04:39:29 by "java_re" with MS VC++ 10.0 (VS2010)

time: Sat Aug 24 02:40:45 2019
timezone: SA Pacific Standard Time
elapsed time: 538 seconds (0d 0h 8m 58s)

