#
# A fatal error has been detected by the Java Runtime Environment:
#
#  EXCEPTION_UNCAUGHT_CXX_EXCEPTION (0xe06d7363) at pc=0x00007ffcbe769129, pid=4672, tid=0x0000000000002d68
#
# JRE version: Java(TM) SE Runtime Environment (8.0_221-b11) (build 1.8.0_221-b11)
# Java VM: Java HotSpot(TM) 64-Bit Server VM (25.221-b11 mixed mode windows-amd64 compressed oops)
# Problematic frame:
# C  [KERNELBASE.dll+0x39129]
#
# Failed to write core dump. Minidumps are not enabled by default on client versions of Windows
#
# If you would like to submit a bug report, please visit:
#   http://bugreport.java.com/bugreport/crash.jsp
# The crash happened outside the Java Virtual Machine in native code.
# See problematic frame for where to report the bug.
#

---------------  T H R E A D  ---------------

Current thread (0x000000001e7ba000):  JavaThread "Executor task launch worker for task 62" daemon [_thread_in_native, id=11624, stack(0x000000004b200000,0x000000004b300000)]

siginfo: ExceptionCode=0xe06d7363, ExceptionInformation=0x0000000019930520 0x000000004b2fe2e0 0x00007ffcba398a80 0x00007ffcba390000 

Registers:
RAX=0x00007ffcc1a1267d, RBX=0x00007ffcba398a80, RCX=0x0000000000000000, RDX=0x0000000000000051
RSP=0x000000004b2fe170, RBP=0x000000004b2fe2b0, RSI=0x0000000000000000, RDI=0x000000004b2fe2e0
R8 =0x0000000000000051, R9 =0x0000000000000009, R10=0x0000000000000009, R11=0x00001c54a6bf878b
R12=0x0000000020e909c0, R13=0x0000000027784118, R14=0x000000004b2fe490, R15=0x0000000000000000
RIP=0x00007ffcbe769129, EFLAGS=0x0000000000000206

Top of Stack: (sp=0x000000004b2fe170)
0x000000004b2fe170:   0000000000000000 00007ffcba398a80
0x000000004b2fe180:   0000000000000000 000000004b2fe2e0
0x000000004b2fe190:   00000001e06d7363 0000000000000000
0x000000004b2fe1a0:   00007ffcbe769129 0000000000000004
0x000000004b2fe1b0:   0000000019930520 000000004b2fe2e0
0x000000004b2fe1c0:   00007ffcba398a80 00007ffcba390000
0x000000004b2fe1d0:   0000000027784118 0000000020e909c0
0x000000004b2fe1e0:   000000004b2fe2e0 0000000000000000
0x000000004b2fe1f0:   000000004b2fe2b0 00007ffcc1a748cf
0x000000004b2fe200:   000000004b2fe2c0 0000010000000000
0x000000004b2fe210:   0000000000000000 000000004b2fe220
0x000000004b2fe220:   00007ffcba39e000 00007ffcba390000
0x000000004b2fe230:   0000dc24517519a4 00000000030716a0
0x000000004b2fe240:   00007ffcba398a80 00007ffcaf3a486d
0x000000004b2fe250:   000000004b2fe2d0 00007ffcc1a59880
0x000000004b2fe260:   00001c54a6bfbc2b 00007ffcbdc617e1 

Instructions: (pc=0x00007ffcbe769129)
0x00007ffcbe769109:   8b d1 44 0f 47 c0 44 89 44 24 38 49 c1 e0 03 e8
0x00007ffcbe769119:   2a 1d 05 00 48 8d 4c 24 20 48 ff 15 ff 21 16 00
0x00007ffcbe769129:   0f 1f 44 00 00 48 8b 8c 24 c0 00 00 00 48 33 cc
0x00007ffcbe769139:   e8 12 e7 04 00 48 81 c4 d8 00 00 00 c3 83 64 24 


Register to memory mapping:

RAX=0x00007ffcc1a1267d is an unknown value
RBX=0x00007ffcba398a80 is an unknown value
RCX=0x0000000000000000 is an unknown value
RDX=0x0000000000000051 is an unknown value
RSP=0x000000004b2fe170 is pointing into the stack for thread: 0x000000001e7ba000
RBP=0x000000004b2fe2b0 is pointing into the stack for thread: 0x000000001e7ba000
RSI=0x0000000000000000 is an unknown value
RDI=0x000000004b2fe2e0 is pointing into the stack for thread: 0x000000001e7ba000
R8 =0x0000000000000051 is an unknown value
R9 =0x0000000000000009 is an unknown value
R10=0x0000000000000009 is an unknown value
R11=0x00001c54a6bf878b is an unknown value
R12=0x0000000020e909c0 is an unknown value
R13={method} {0x0000000027784120} 'LGBM_BoosterSaveModelToStringSWIG' '(JIIJJ)Ljava/lang/String;' in 'com/microsoft/ml/lightgbm/lightgbmlibJNI'
R14=0x000000004b2fe490 is pointing into the stack for thread: 0x000000001e7ba000
R15=0x0000000000000000 is an unknown value


Stack: [0x000000004b200000,0x000000004b300000],  sp=0x000000004b2fe170,  free space=1016k
Native frames: (J=compiled Java code, j=interpreted, Vv=VM code, C=native code)
C  [KERNELBASE.dll+0x39129]
C  [VCRUNTIME140.dll+0x486d]
C  [lib_lightgbm_swig.dll+0x5a53]
C  [lib_lightgbm_swig.dll+0x53a7]
C  [lib_lightgbm_swig.dll+0x401e]
C  0x0000000003028c67

Java frames: (J=compiled Java code, j=interpreted, Vv=VM code)
j  com.microsoft.ml.lightgbm.lightgbmlibJNI.LGBM_BoosterSaveModelToStringSWIG(JIIJJ)Ljava/lang/String;+0
j  com.microsoft.ml.lightgbm.lightgbmlib.LGBM_BoosterSaveModelToStringSWIG(Lcom/microsoft/ml/lightgbm/SWIGTYPE_p_void;IILcom/microsoft/ml/lightgbm/SWIGTYPE_p_int64_t;Lcom/microsoft/ml/lightgbm/SWIGTYPE_p_int64_t;)Ljava/lang/String;+15
j  com.microsoft.ml.spark.lightgbm.TrainUtils$.saveBoosterToString(Lscala/Option;Lorg/slf4j/Logger;)Ljava/lang/String;+43
j  com.microsoft.ml.spark.lightgbm.TrainUtils$.translate(Ljava/lang/String;Ljava/lang/String;Lscala/Option;Lscala/Option;Lscala/Option;Lscala/Option;Lorg/slf4j/Logger;Lcom/microsoft/ml/spark/lightgbm/TrainParams;Lorg/apache/spark/sql/types/StructType;Lscala/collection/Iterator;)Lscala/collection/Iterator;+134
j  com.microsoft.ml.spark.lightgbm.TrainUtils$.trainLightGBM(Lcom/microsoft/ml/spark/lightgbm/NetworkParams;Ljava/lang/String;Ljava/lang/String;Lscala/Option;Lscala/Option;Lscala/Option;Lscala/Option;Lorg/slf4j/Logger;Lcom/microsoft/ml/spark/lightgbm/TrainParams;ILorg/apache/spark/sql/types/StructType;Lscala/collection/Iterator;)Lscala/collection/Iterator;+239
j  com.microsoft.ml.spark.lightgbm.LightGBMBase$$anonfun$6.apply(Lscala/collection/Iterator;)Lscala/collection/Iterator;+99
j  com.microsoft.ml.spark.lightgbm.LightGBMBase$$anonfun$6.apply(Ljava/lang/Object;)Ljava/lang/Object;+5
j  org.apache.spark.sql.execution.MapPartitionsExec$$anonfun$5.apply(Lscala/collection/Iterator;)Lscala/collection/Iterator;+59
j  org.apache.spark.sql.execution.MapPartitionsExec$$anonfun$5.apply(Ljava/lang/Object;)Ljava/lang/Object;+5
j  org.apache.spark.rdd.RDD$$anonfun$mapPartitionsInternal$1$$anonfun$apply$24.apply(Lorg/apache/spark/TaskContext;ILscala/collection/Iterator;)Lscala/collection/Iterator;+8
j  org.apache.spark.rdd.RDD$$anonfun$mapPartitionsInternal$1$$anonfun$apply$24.apply(Ljava/lang/Object;Ljava/lang/Object;Ljava/lang/Object;)Ljava/lang/Object;+13
j  org.apache.spark.rdd.MapPartitionsRDD.compute(Lorg/apache/spark/Partition;Lorg/apache/spark/TaskContext;)Lscala/collection/Iterator;+27
j  org.apache.spark.rdd.RDD.computeOrReadCheckpoint(Lorg/apache/spark/Partition;Lorg/apache/spark/TaskContext;)Lscala/collection/Iterator;+26
j  org.apache.spark.rdd.RDD.iterator(Lorg/apache/spark/Partition;Lorg/apache/spark/TaskContext;)Lscala/collection/Iterator;+33
j  org.apache.spark.rdd.MapPartitionsRDD.compute(Lorg/apache/spark/Partition;Lorg/apache/spark/TaskContext;)Lscala/collection/Iterator;+24
j  org.apache.spark.rdd.RDD.computeOrReadCheckpoint(Lorg/apache/spark/Partition;Lorg/apache/spark/TaskContext;)Lscala/collection/Iterator;+26
j  org.apache.spark.rdd.RDD.iterator(Lorg/apache/spark/Partition;Lorg/apache/spark/TaskContext;)Lscala/collection/Iterator;+33
j  org.apache.spark.scheduler.ResultTask.runTask(Lorg/apache/spark/TaskContext;)Ljava/lang/Object;+187
j  org.apache.spark.scheduler.Task.run(JILorg/apache/spark/metrics/MetricsSystem;)Ljava/lang/Object;+204
j  org.apache.spark.executor.Executor$TaskRunner$$anonfun$10.apply()Ljava/lang/Object;+37
J 9420 C1 org.apache.spark.util.Utils$.tryWithSafeFinally(Lscala/Function0;Lscala/Function0;)Ljava/lang/Object; (182 bytes) @ 0x00000000047b1dd4 [0x00000000047b1cc0+0x114]
j  org.apache.spark.executor.Executor$TaskRunner.run()V+383
J 12060 C1 java.util.concurrent.ThreadPoolExecutor.runWorker(Ljava/util/concurrent/ThreadPoolExecutor$Worker;)V (225 bytes) @ 0x00000000050a9fac [0x00000000050a8f60+0x104c]
J 12059 C1 java.util.concurrent.ThreadPoolExecutor$Worker.run()V (9 bytes) @ 0x00000000050a2b04 [0x00000000050a2a00+0x104]
J 12628 C1 java.lang.Thread.run()V (17 bytes) @ 0x000000000526ef84 [0x000000000526ee40+0x144]
v  ~StubRoutines::call_stub

---------------  P R O C E S S  ---------------

Java Threads: ( => current thread )
  0x000000001bd1e800 JavaThread "block-manager-ask-thread-pool-294" daemon [_thread_blocked, id=3904, stack(0x000000004e800000,0x000000004e900000)]
  0x000000001bd20000 JavaThread "block-manager-ask-thread-pool-293" daemon [_thread_blocked, id=5392, stack(0x000000004e700000,0x000000004e800000)]
  0x000000001bd21000 JavaThread "block-manager-ask-thread-pool-292" daemon [_thread_blocked, id=13032, stack(0x000000004e600000,0x000000004e700000)]
  0x000000001bd1c800 JavaThread "block-manager-slave-async-thread-pool-309" daemon [_thread_blocked, id=13692, stack(0x000000004e500000,0x000000004e600000)]
  0x000000001bd1e000 JavaThread "block-manager-slave-async-thread-pool-308" daemon [_thread_blocked, id=6052, stack(0x000000004e400000,0x000000004e500000)]
  0x000000001bd1d000 JavaThread "block-manager-slave-async-thread-pool-307" daemon [_thread_blocked, id=3808, stack(0x000000004e300000,0x000000004e400000)]
  0x000000001bd1b000 JavaThread "block-manager-slave-async-thread-pool-306" daemon [_thread_blocked, id=13740, stack(0x000000004e200000,0x000000004e300000)]
  0x000000001bd1b800 JavaThread "block-manager-ask-thread-pool-291" daemon [_thread_blocked, id=400, stack(0x000000004e100000,0x000000004e200000)]
  0x000000001bd19800 JavaThread "block-manager-slave-async-thread-pool-305" daemon [_thread_blocked, id=10468, stack(0x000000004e000000,0x000000004e100000)]
  0x000000001e335000 JavaThread "block-manager-ask-thread-pool-290" daemon [_thread_blocked, id=10280, stack(0x000000004df00000,0x000000004e000000)]
  0x000000001e33a000 JavaThread "block-manager-slave-async-thread-pool-304" daemon [_thread_blocked, id=14024, stack(0x000000004de00000,0x000000004df00000)]
  0x000000001e338000 JavaThread "block-manager-ask-thread-pool-289" daemon [_thread_blocked, id=13592, stack(0x000000004dd00000,0x000000004de00000)]
  0x000000001e33b800 JavaThread "block-manager-ask-thread-pool-288" daemon [_thread_blocked, id=10412, stack(0x000000004dc00000,0x000000004dd00000)]
  0x000000001e339800 JavaThread "block-manager-slave-async-thread-pool-303" daemon [_thread_blocked, id=13676, stack(0x000000004db00000,0x000000004dc00000)]
  0x000000001e336800 JavaThread "block-manager-slave-async-thread-pool-302" daemon [_thread_blocked, id=2612, stack(0x000000004da00000,0x000000004db00000)]
  0x000000001e335800 JavaThread "block-manager-slave-async-thread-pool-301" daemon [_thread_blocked, id=2904, stack(0x000000004d900000,0x000000004da00000)]
  0x000000001e338800 JavaThread "block-manager-ask-thread-pool-287" daemon [_thread_blocked, id=9736, stack(0x000000004d800000,0x000000004d900000)]
  0x000000001e337000 JavaThread "block-manager-ask-thread-pool-286" daemon [_thread_blocked, id=4248, stack(0x000000004d700000,0x000000004d800000)]
  0x000000001e33b000 JavaThread "block-manager-ask-thread-pool-285" daemon [_thread_blocked, id=10996, stack(0x000000004d600000,0x000000004d700000)]
  0x000000001b9b2000 JavaThread "block-manager-slave-async-thread-pool-300" daemon [_thread_blocked, id=12500, stack(0x000000004d500000,0x000000004d600000)]
  0x000000001b9b5000 JavaThread "block-manager-slave-async-thread-pool-299" daemon [_thread_blocked, id=7772, stack(0x000000004d400000,0x000000004d500000)]
  0x000000001b9b6800 JavaThread "block-manager-slave-async-thread-pool-298" daemon [_thread_blocked, id=2620, stack(0x000000004d300000,0x000000004d400000)]
  0x000000001b9b3800 JavaThread "block-manager-ask-thread-pool-284" daemon [_thread_blocked, id=7848, stack(0x000000004d200000,0x000000004d300000)]
  0x000000001b9b1000 JavaThread "block-manager-ask-thread-pool-283" daemon [_thread_blocked, id=1352, stack(0x000000004d000000,0x000000004d100000)]
  0x000000001b9b2800 JavaThread "block-manager-ask-thread-pool-282" daemon [_thread_blocked, id=13988, stack(0x000000004cf00000,0x000000004d000000)]
  0x000000001b9a9800 JavaThread "block-manager-ask-thread-pool-281" daemon [_thread_blocked, id=10884, stack(0x000000004ce00000,0x000000004cf00000)]
  0x000000001b9b0800 JavaThread "block-manager-slave-async-thread-pool-297" daemon [_thread_blocked, id=9540, stack(0x000000004cd00000,0x000000004ce00000)]
  0x000000001b9a9000 JavaThread "block-manager-slave-async-thread-pool-296" daemon [_thread_blocked, id=12228, stack(0x000000004cc00000,0x000000004cd00000)]
  0x000000001b9af800 JavaThread "block-manager-slave-async-thread-pool-295" daemon [_thread_blocked, id=10976, stack(0x000000004cb00000,0x000000004cc00000)]
  0x000000001b9aa800 JavaThread "block-manager-slave-async-thread-pool-294" daemon [_thread_blocked, id=13504, stack(0x000000004ca00000,0x000000004cb00000)]
  0x000000001b9a8000 JavaThread "block-manager-slave-async-thread-pool-293" daemon [_thread_blocked, id=11492, stack(0x000000004c900000,0x000000004ca00000)]
  0x000000001b9af000 JavaThread "block-manager-ask-thread-pool-280" daemon [_thread_blocked, id=10576, stack(0x000000004c800000,0x000000004c900000)]
  0x000000001b9a7800 JavaThread "block-manager-slave-async-thread-pool-292" daemon [_thread_blocked, id=3912, stack(0x000000004c700000,0x000000004c800000)]
  0x000000001b9ac000 JavaThread "block-manager-ask-thread-pool-279" daemon [_thread_blocked, id=2148, stack(0x000000004c600000,0x000000004c700000)]
  0x000000001b9ae000 JavaThread "block-manager-ask-thread-pool-278" daemon [_thread_blocked, id=8892, stack(0x000000004c500000,0x000000004c600000)]
  0x000000001b9ad800 JavaThread "block-manager-ask-thread-pool-277" daemon [_thread_blocked, id=6436, stack(0x000000004c400000,0x000000004c500000)]
  0x000000001b9ac800 JavaThread "block-manager-slave-async-thread-pool-291" daemon [_thread_blocked, id=3460, stack(0x000000004c300000,0x000000004c400000)]
  0x000000001b9ab000 JavaThread "block-manager-slave-async-thread-pool-290" daemon [_thread_blocked, id=13076, stack(0x000000004c200000,0x000000004c300000)]
  0x000000001fc49800 JavaThread "block-manager-slave-async-thread-pool-289" daemon [_thread_blocked, id=1660, stack(0x000000004c100000,0x000000004c200000)]
  0x000000001fc48000 JavaThread "block-manager-ask-thread-pool-276" daemon [_thread_blocked, id=10640, stack(0x000000004c000000,0x000000004c100000)]
  0x000000001e7c1800 JavaThread "block-manager-ask-thread-pool-275" daemon [_thread_blocked, id=7452, stack(0x000000004bf00000,0x000000004c000000)]
  0x000000001e7c0800 JavaThread "block-manager-ask-thread-pool-274" daemon [_thread_blocked, id=11376, stack(0x000000004be00000,0x000000004bf00000)]
  0x000000001e7b8800 JavaThread "block-manager-slave-async-thread-pool-288" daemon [_thread_blocked, id=3936, stack(0x000000004bd00000,0x000000004be00000)]
  0x000000001e7bf000 JavaThread "block-manager-slave-async-thread-pool-287" daemon [_thread_blocked, id=12252, stack(0x000000004bc00000,0x000000004bd00000)]
  0x000000001e7be800 JavaThread "block-manager-slave-async-thread-pool-286" daemon [_thread_blocked, id=13912, stack(0x000000004bb00000,0x000000004bc00000)]
  0x000000001e7bd000 JavaThread "block-manager-ask-thread-pool-273" daemon [_thread_blocked, id=12240, stack(0x000000004ba00000,0x000000004bb00000)]
  0x000000001e7bb800 JavaThread "block-manager-ask-thread-pool-272" daemon [_thread_blocked, id=872, stack(0x000000004b900000,0x000000004ba00000)]
  0x000000001e7bc000 JavaThread "block-manager-ask-thread-pool-271" daemon [_thread_blocked, id=12124, stack(0x000000004b800000,0x000000004b900000)]
  0x000000001e7bd800 JavaThread "block-manager-slave-async-thread-pool-285" daemon [_thread_blocked, id=8228, stack(0x000000004b700000,0x000000004b800000)]
  0x000000001e7b4000 JavaThread "block-manager-slave-async-thread-pool-284" daemon [_thread_blocked, id=7220, stack(0x000000004b600000,0x000000004b700000)]
  0x000000001e7b7000 JavaThread "block-manager-slave-async-thread-pool-283" daemon [_thread_blocked, id=11912, stack(0x000000004b500000,0x000000004b600000)]
  0x000000001e7ba800 JavaThread "block-manager-ask-thread-pool-270" daemon [_thread_blocked, id=12612, stack(0x000000004b400000,0x000000004b500000)]
  0x000000001e7b6000 JavaThread "Executor task launch worker for task 59" daemon [_thread_blocked, id=6684, stack(0x000000004b300000,0x000000004b400000)]
=>0x000000001e7ba000 JavaThread "Executor task launch worker for task 62" daemon [_thread_in_native, id=11624, stack(0x000000004b200000,0x000000004b300000)]
  0x000000001e7b2800 JavaThread "Executor task launch worker for task 57" daemon [_thread_blocked, id=13552, stack(0x000000004b100000,0x000000004b200000)]
  0x000000001e7b7800 JavaThread "Executor task launch worker for task 56" daemon [_thread_blocked, id=5180, stack(0x000000004b000000,0x000000004b100000)]
  0x000000001e7c0000 JavaThread "task-result-getter-3" daemon [_thread_blocked, id=392, stack(0x0000000027970000,0x0000000027a70000)]
  0x000000001e7b3000 JavaThread "task-result-getter-2" daemon [_thread_blocked, id=14176, stack(0x0000000027870000,0x0000000027970000)]
  0x000000001fc4c800 JavaThread "task-result-getter-1" daemon [_thread_blocked, id=3256, stack(0x0000000027170000,0x0000000027270000)]
  0x000000001fc48800 JavaThread "task-result-getter-0" daemon [_thread_blocked, id=11232, stack(0x0000000027070000,0x0000000027170000)]
  0x000000001fc4a000 JavaThread "threadDeathWatcher-7-1" daemon [_thread_blocked, id=10364, stack(0x0000000025f60000,0x0000000026060000)]
  0x000000001fc4b000 JavaThread "rpc-server-3-2" daemon [_thread_in_native, id=13292, stack(0x0000000024e50000,0x0000000024f50000)]
  0x000000001fc41000 JavaThread "files-client-6-1" daemon [_thread_in_native, id=11560, stack(0x0000000024c50000,0x0000000024d50000)]
  0x000000001fc45000 JavaThread "spark-listener-group-streams" daemon [_thread_blocked, id=1864, stack(0x0000000022140000,0x0000000022240000)]
  0x000000001fc3f000 JavaThread "element-tracking-store-worker" daemon [_thread_blocked, id=1748, stack(0x0000000021a40000,0x0000000021b40000)]
  0x000000001fc3f800 JavaThread "spark-listener-group-executorManagement" daemon [_thread_blocked, id=12388, stack(0x0000000021940000,0x0000000021a40000)]
  0x000000001fc45800 JavaThread "spark-listener-group-appStatus" daemon [_thread_blocked, id=9184, stack(0x0000000021840000,0x0000000021940000)]
  0x000000001fc42000 JavaThread "context-cleaner-periodic-gc" daemon [_thread_blocked, id=13384, stack(0x0000000021740000,0x0000000021840000)]
  0x000000001fc3e000 JavaThread "Spark Context Cleaner" daemon [_thread_blocked, id=7404, stack(0x0000000021640000,0x0000000021740000)]
  0x000000001fc40800 JavaThread "shuffle-server-5-1" daemon [_thread_in_native, id=7956, stack(0x0000000021540000,0x0000000021640000)]
  0x000000001fc3d800 JavaThread "driver-heartbeater" daemon [_thread_blocked, id=7792, stack(0x0000000021440000,0x0000000021540000)]
  0x000000001fc42800 JavaThread "dag-scheduler-event-loop" daemon [_thread_blocked, id=5796, stack(0x0000000021340000,0x0000000021440000)]
  0x0000000017103000 JavaThread "netty-rpc-env-timeout" daemon [_thread_blocked, id=13916, stack(0x0000000021240000,0x0000000021340000)]
  0x000000001dddb800 JavaThread "Timer-1" daemon [_thread_blocked, id=12552, stack(0x0000000021140000,0x0000000021240000)]
  0x000000001ddda800 JavaThread "Timer-0" daemon [_thread_blocked, id=3476, stack(0x0000000021040000,0x0000000021140000)]
  0x000000001ddda000 JavaThread "heartbeat-receiver-event-loop-thread" daemon [_thread_blocked, id=10888, stack(0x0000000020f40000,0x0000000021040000)]
  0x000000001ddd9000 JavaThread "SparkUI-47" daemon [_thread_blocked, id=9412, stack(0x0000000020d40000,0x0000000020e40000)]
  0x000000001ddd1800 JavaThread "SparkUI-46" daemon [_thread_blocked, id=6520, stack(0x0000000020c40000,0x0000000020d40000)]
  0x000000001ddd4000 JavaThread "SparkUI-45" daemon [_thread_blocked, id=6804, stack(0x0000000020b40000,0x0000000020c40000)]
  0x000000001ddd7800 JavaThread "SparkUI-44" daemon [_thread_blocked, id=11776, stack(0x0000000020a40000,0x0000000020b40000)]
  0x000000001ddd6000 JavaThread "SparkUI-43" daemon [_thread_blocked, id=4320, stack(0x0000000020940000,0x0000000020a40000)]
  0x000000001ddd7000 JavaThread "SparkUI-42-acceptor-0@2c91c743-Spark@22562ca1{HTTP/1.1,[http/1.1]}{0.0.0.0:4040}" daemon [_thread_in_native, id=12396, stack(0x0000000020840000,0x0000000020940000)]
  0x000000001ddd8800 JavaThread "SparkUI-41" daemon [_thread_in_native, id=8996, stack(0x0000000020740000,0x0000000020840000)]
  0x000000001ddd4800 JavaThread "SparkUI-40" daemon [_thread_in_native, id=14116, stack(0x0000000020640000,0x0000000020740000)]
  0x000000001ddd5800 JavaThread "refresh progress" daemon [_thread_blocked, id=7616, stack(0x000000001f570000,0x000000001f670000)]
  0x000000001ddd3000 JavaThread "RemoteBlock-temp-file-clean-thread" daemon [_thread_blocked, id=10084, stack(0x000000001f250000,0x000000001f350000)]
  0x000000001ddcc800 JavaThread "map-output-dispatcher-7" daemon [_thread_blocked, id=8172, stack(0x000000001f150000,0x000000001f250000)]
  0x000000001ddd0000 JavaThread "map-output-dispatcher-6" daemon [_thread_blocked, id=13072, stack(0x000000001f050000,0x000000001f150000)]
  0x000000001ddcf800 JavaThread "map-output-dispatcher-5" daemon [_thread_blocked, id=6244, stack(0x000000001ef50000,0x000000001f050000)]
  0x000000001ddd1000 JavaThread "map-output-dispatcher-4" daemon [_thread_blocked, id=6236, stack(0x000000001ee50000,0x000000001ef50000)]
  0x000000001ddd2800 JavaThread "map-output-dispatcher-3" daemon [_thread_blocked, id=6232, stack(0x000000001ed50000,0x000000001ee50000)]
  0x000000001ddcd000 JavaThread "map-output-dispatcher-2" daemon [_thread_blocked, id=6228, stack(0x000000001ec50000,0x000000001ed50000)]
  0x000000001ddce800 JavaThread "map-output-dispatcher-1" daemon [_thread_blocked, id=3632, stack(0x000000001eb50000,0x000000001ec50000)]
  0x000000001ddce000 JavaThread "map-output-dispatcher-0" daemon [_thread_blocked, id=1724, stack(0x000000001ea50000,0x000000001eb50000)]
  0x0000000017100000 JavaThread "rpc-server-3-1" daemon [_thread_in_native, id=4000, stack(0x000000001d730000,0x000000001d830000)]
  0x00000000170fe800 JavaThread "dispatcher-event-loop-3" daemon [_thread_blocked, id=5684, stack(0x000000001d130000,0x000000001d230000)]
  0x0000000017104800 JavaThread "dispatcher-event-loop-2" daemon [_thread_blocked, id=8704, stack(0x000000001d030000,0x000000001d130000)]
  0x0000000017105000 JavaThread "dispatcher-event-loop-1" daemon [_thread_blocked, id=9004, stack(0x000000001cf30000,0x000000001d030000)]
  0x0000000017102000 JavaThread "dispatcher-event-loop-0" daemon [_thread_blocked, id=12348, stack(0x000000001ce30000,0x000000001cf30000)]
  0x00000000170ff000 JavaThread "Thread-4" [_thread_blocked, id=2348, stack(0x000000001cd30000,0x000000001ce30000)]
  0x0000000017101800 JavaThread "Thread-3" [_thread_in_native, id=13060, stack(0x000000001cc30000,0x000000001cd30000)]
  0x0000000017103800 JavaThread "pool-1-thread-1" [_thread_blocked, id=13464, stack(0x000000001cb30000,0x000000001cc30000)]
  0x0000000017100800 JavaThread "org.apache.hadoop.fs.FileSystem$Statistics$StatisticsDataReferenceCleaner" daemon [_thread_blocked, id=1816, stack(0x000000001ca30000,0x000000001cb30000)]
  0x0000000017088800 JavaThread "Service Thread" daemon [_thread_blocked, id=12436, stack(0x0000000017450000,0x0000000017550000)]
  0x00000000156f7800 JavaThread "C1 CompilerThread2" daemon [_thread_blocked, id=6152, stack(0x0000000016f50000,0x0000000017050000)]
  0x00000000156f0800 JavaThread "C2 CompilerThread1" daemon [_thread_blocked, id=5884, stack(0x0000000016e50000,0x0000000016f50000)]
  0x00000000156ed800 JavaThread "C2 CompilerThread0" daemon [_thread_blocked, id=11868, stack(0x0000000016d50000,0x0000000016e50000)]
  0x00000000156ec000 JavaThread "Attach Listener" daemon [_thread_blocked, id=11716, stack(0x0000000016c50000,0x0000000016d50000)]
  0x00000000156eb000 JavaThread "Signal Dispatcher" daemon [_thread_blocked, id=12992, stack(0x0000000016b50000,0x0000000016c50000)]
  0x00000000156d2800 JavaThread "Finalizer" daemon [_thread_blocked, id=10072, stack(0x0000000016950000,0x0000000016a50000)]
  0x00000000156c9800 JavaThread "Reference Handler" daemon [_thread_blocked, id=10896, stack(0x0000000016850000,0x0000000016950000)]
  0x0000000002f1d800 JavaThread "main" [_thread_in_native, id=5752, stack(0x0000000002e10000,0x0000000002f10000)]

Other Threads:
  0x00000000156a7800 VMThread [stack: 0x0000000016750000,0x0000000016850000] [id=5688]
  0x0000000017159000 WatcherThread [stack: 0x0000000017550000,0x0000000017650000] [id=1620]

VM state:not at safepoint (normal execution)

VM Mutex/Monitor currently owned by a thread: None

heap address: 0x00000000c0000000, size: 1024 MB, Compressed Oops mode: 32-bit
Narrow klass base: 0x0000000000000000, Narrow klass shift: 3
Compressed class space size: 1073741824 Address: 0x0000000100000000

Heap:
 PSYoungGen      total 172544K, used 105354K [0x00000000eab00000, 0x00000000f5d80000, 0x0000000100000000)
  eden space 165888K, 61% used [0x00000000eab00000,0x00000000f0e2a858,0x00000000f4d00000)
  from space 6656K, 57% used [0x00000000f5380000,0x00000000f5738250,0x00000000f5a00000)
  to   space 6656K, 0% used [0x00000000f4d00000,0x00000000f4d00000,0x00000000f5380000)
 ParOldGen       total 123904K, used 58686K [0x00000000c0000000, 0x00000000c7900000, 0x00000000eab00000)
  object space 123904K, 47% used [0x00000000c0000000,0x00000000c394f948,0x00000000c7900000)
 Metaspace       used 91202K, capacity 92606K, committed 92824K, reserved 1128448K
  class space    used 13117K, capacity 13414K, committed 13472K, reserved 1048576K

Card table byte_map: [0x00000000123d0000,0x00000000125e0000] byte_map_base: 0x0000000011dd0000

Marking Bits: (ParMarkBitMap*) 0x000000005f105ce0
 Begin Bits: [0x0000000012b40000, 0x0000000013b40000)
 End Bits:   [0x0000000013b40000, 0x0000000014b40000)

Polling page: 0x0000000000f20000

CodeCache: size=245760Kb used=40670Kb max_used=40682Kb free=205089Kb
 bounds [0x0000000003010000, 0x0000000005810000, 0x0000000012010000]
 total_blobs=12794 nmethods=12058 adapters=646
 compilation: enabled

Compilation events (10 events):
Event: 2652.962 Thread 0x00000000156f7800 14272       3       com.microsoft.ml.spark.lightgbm.LightGBMDataset$$anonfun$addFloatField$1::apply (12 bytes)
Event: 2652.962 Thread 0x00000000156f7800 nmethod 14272 0x00000000057f8c50 code [0x00000000057f8e20, 0x00000000057f96f8]
Event: 2652.962 Thread 0x00000000156f7800 14273       3       com.microsoft.ml.spark.lightgbm.LightGBMDataset$$anonfun$addFloatField$1::apply (29 bytes)
Event: 2652.962 Thread 0x00000000156f7800 nmethod 14273 0x00000000057f8110 code [0x00000000057f82e0, 0x00000000057f89d8]
Event: 2652.962 Thread 0x00000000156f7800 14274       3       com.microsoft.ml.lightgbm.lightgbmlib::floatArray_setitem (10 bytes)
Event: 2652.962 Thread 0x00000000156f7800 nmethod 14274 0x00000000057f7c50 code [0x00000000057f7dc0, 0x00000000057f7fe8]
Event: 2652.962 Thread 0x00000000156f7800 14275       3       com.microsoft.ml.lightgbm.SWIGTYPE_p_float::getCPtr (13 bytes)
Event: 2652.962 Thread 0x00000000156f7800 nmethod 14275 0x00000000057f78d0 code [0x00000000057f7a20, 0x00000000057f7bb0]
Event: 2652.969 Thread 0x00000000156f0800 14277       4       scala.Tuple2::_1$mcD$sp (8 bytes)
Event: 2652.970 Thread 0x00000000156f0800 nmethod 14277 0x00000000057fb950 code [0x00000000057fbaa0, 0x00000000057fbb58]

GC Heap History (10 events):
Event: 2016.473 GC heap before
{Heap before GC invocations=60 (full 4):
 PSYoungGen      total 159232K, used 4161K [0x00000000eab00000, 0x00000000f4d00000, 0x0000000100000000)
  eden space 152576K, 0% used [0x00000000eab00000,0x00000000eab00000,0x00000000f4000000)
  from space 6656K, 62% used [0x00000000f4680000,0x00000000f4a90708,0x00000000f4d00000)
  to   space 6656K, 0% used [0x00000000f4000000,0x00000000f4000000,0x00000000f4680000)
 ParOldGen       total 123904K, used 58547K [0x00000000c0000000, 0x00000000c7900000, 0x00000000eab00000)
  object space 123904K, 47% used [0x00000000c0000000,0x00000000c392cf10,0x00000000c7900000)
 Metaspace       used 84672K, capacity 85694K, committed 85912K, reserved 1122304K
  class space    used 12200K, capacity 12439K, committed 12448K, reserved 1048576K
Event: 2016.613 GC heap after
Heap after GC invocations=60 (full 4):
 PSYoungGen      total 159232K, used 0K [0x00000000eab00000, 0x00000000f4d00000, 0x0000000100000000)
  eden space 152576K, 0% used [0x00000000eab00000,0x00000000eab00000,0x00000000f4000000)
  from space 6656K, 0% used [0x00000000f4680000,0x00000000f4680000,0x00000000f4d00000)
  to   space 6656K, 0% used [0x00000000f4000000,0x00000000f4000000,0x00000000f4680000)
 ParOldGen       total 123904K, used 58654K [0x00000000c0000000, 0x00000000c7900000, 0x00000000eab00000)
  object space 123904K, 47% used [0x00000000c0000000,0x00000000c3947948,0x00000000c7900000)
 Metaspace       used 84489K, capacity 85400K, committed 85912K, reserved 1122304K
  class space    used 12171K, capacity 12386K, committed 12448K, reserved 1048576K
}
Event: 2336.199 GC heap before
{Heap before GC invocations=61 (full 4):
 PSYoungGen      total 159232K, used 152576K [0x00000000eab00000, 0x00000000f4d00000, 0x0000000100000000)
  eden space 152576K, 100% used [0x00000000eab00000,0x00000000f4000000,0x00000000f4000000)
  from space 6656K, 0% used [0x00000000f4680000,0x00000000f4680000,0x00000000f4d00000)
  to   space 6656K, 0% used [0x00000000f4000000,0x00000000f4000000,0x00000000f4680000)
 ParOldGen       total 123904K, used 58654K [0x00000000c0000000, 0x00000000c7900000, 0x00000000eab00000)
  object space 123904K, 47% used [0x00000000c0000000,0x00000000c3947948,0x00000000c7900000)
 Metaspace       used 85015K, capacity 85930K, committed 86296K, reserved 1122304K
  class space    used 12243K, capacity 12453K, committed 12576K, reserved 1048576K
Event: 2336.202 GC heap after
Heap after GC invocations=61 (full 4):
 PSYoungGen      total 159232K, used 1754K [0x00000000eab00000, 0x00000000f5280000, 0x0000000100000000)
  eden space 152576K, 0% used [0x00000000eab00000,0x00000000eab00000,0x00000000f4000000)
  from space 6656K, 26% used [0x00000000f4000000,0x00000000f41b6958,0x00000000f4680000)
  to   space 6656K, 0% used [0x00000000f4c00000,0x00000000f4c00000,0x00000000f5280000)
 ParOldGen       total 123904K, used 58662K [0x00000000c0000000, 0x00000000c7900000, 0x00000000eab00000)
  object space 123904K, 47% used [0x00000000c0000000,0x00000000c3949948,0x00000000c7900000)
 Metaspace       used 85015K, capacity 85930K, committed 86296K, reserved 1122304K
  class space    used 12243K, capacity 12453K, committed 12576K, reserved 1048576K
}
Event: 2336.655 GC heap before
{Heap before GC invocations=62 (full 4):
 PSYoungGen      total 159232K, used 154330K [0x00000000eab00000, 0x00000000f5280000, 0x0000000100000000)
  eden space 152576K, 100% used [0x00000000eab00000,0x00000000f4000000,0x00000000f4000000)
  from space 6656K, 26% used [0x00000000f4000000,0x00000000f41b6958,0x00000000f4680000)
  to   space 6656K, 0% used [0x00000000f4c00000,0x00000000f4c00000,0x00000000f5280000)
 ParOldGen       total 123904K, used 58662K [0x00000000c0000000, 0x00000000c7900000, 0x00000000eab00000)
  object space 123904K, 47% used [0x00000000c0000000,0x00000000c3949948,0x00000000c7900000)
 Metaspace       used 88500K, capacity 89594K, committed 89752K, reserved 1126400K
  class space    used 12707K, capacity 12954K, committed 12960K, reserved 1048576K
Event: 2336.660 GC heap after
Heap after GC invocations=62 (full 4):
 PSYoungGen      total 164864K, used 4615K [0x00000000eab00000, 0x00000000f5600000, 0x0000000100000000)
  eden space 158208K, 0% used [0x00000000eab00000,0x00000000eab00000,0x00000000f4580000)
  from space 6656K, 69% used [0x00000000f4c00000,0x00000000f5081da8,0x00000000f5280000)
  to   space 6656K, 0% used [0x00000000f4580000,0x00000000f4580000,0x00000000f4c00000)
 ParOldGen       total 123904K, used 58670K [0x00000000c0000000, 0x00000000c7900000, 0x00000000eab00000)
  object space 123904K, 47% used [0x00000000c0000000,0x00000000c394b948,0x00000000c7900000)
 Metaspace       used 88500K, capacity 89594K, committed 89752K, reserved 1126400K
  class space    used 12707K, capacity 12954K, committed 12960K, reserved 1048576K
}
Event: 2652.068 GC heap before
{Heap before GC invocations=63 (full 4):
 PSYoungGen      total 164864K, used 162823K [0x00000000eab00000, 0x00000000f5600000, 0x0000000100000000)
  eden space 158208K, 100% used [0x00000000eab00000,0x00000000f4580000,0x00000000f4580000)
  from space 6656K, 69% used [0x00000000f4c00000,0x00000000f5081da8,0x00000000f5280000)
  to   space 6656K, 0% used [0x00000000f4580000,0x00000000f4580000,0x00000000f4c00000)
 ParOldGen       total 123904K, used 58670K [0x00000000c0000000, 0x00000000c7900000, 0x00000000eab00000)
  object space 123904K, 47% used [0x00000000c0000000,0x00000000c394b948,0x00000000c7900000)
 Metaspace       used 89907K, capacity 91028K, committed 91288K, reserved 1128448K
  class space    used 12934K, capacity 13202K, committed 13216K, reserved 1048576K
Event: 2652.072 GC heap after
Heap after GC invocations=63 (full 4):
 PSYoungGen      total 164864K, used 3794K [0x00000000eab00000, 0x00000000f5a00000, 0x0000000100000000)
  eden space 158208K, 0% used [0x00000000eab00000,0x00000000eab00000,0x00000000f4580000)
  from space 6656K, 57% used [0x00000000f4580000,0x00000000f4934980,0x00000000f4c00000)
  to   space 6656K, 0% used [0x00000000f5380000,0x00000000f5380000,0x00000000f5a00000)
 ParOldGen       total 123904K, used 58678K [0x00000000c0000000, 0x00000000c7900000, 0x00000000eab00000)
  object space 123904K, 47% used [0x00000000c0000000,0x00000000c394d948,0x00000000c7900000)
 Metaspace       used 89907K, capacity 91028K, committed 91288K, reserved 1128448K
  class space    used 12934K, capacity 13202K, committed 13216K, reserved 1048576K
}
Event: 2652.341 GC heap before
{Heap before GC invocations=64 (full 4):
 PSYoungGen      total 164864K, used 162002K [0x00000000eab00000, 0x00000000f5a00000, 0x0000000100000000)
  eden space 158208K, 100% used [0x00000000eab00000,0x00000000f4580000,0x00000000f4580000)
  from space 6656K, 57% used [0x00000000f4580000,0x00000000f4934980,0x00000000f4c00000)
  to   space 6656K, 0% used [0x00000000f5380000,0x00000000f5380000,0x00000000f5a00000)
 ParOldGen       total 123904K, used 58678K [0x00000000c0000000, 0x00000000c7900000, 0x00000000eab00000)
  object space 123904K, 47% used [0x00000000c0000000,0x00000000c394d948,0x00000000c7900000)
 Metaspace       used 90400K, capacity 91610K, committed 91928K, reserved 1128448K
  class space    used 12991K, capacity 13275K, committed 13344K, reserved 1048576K
Event: 2652.345 GC heap after
Heap after GC invocations=64 (full 4):
 PSYoungGen      total 172544K, used 3808K [0x00000000eab00000, 0x00000000f5d80000, 0x0000000100000000)
  eden space 165888K, 0% used [0x00000000eab00000,0x00000000eab00000,0x00000000f4d00000)
  from space 6656K, 57% used [0x00000000f5380000,0x00000000f5738250,0x00000000f5a00000)
  to   space 6656K, 0% used [0x00000000f4d00000,0x00000000f4d00000,0x00000000f5380000)
 ParOldGen       total 123904K, used 58686K [0x00000000c0000000, 0x00000000c7900000, 0x00000000eab00000)
  object space 123904K, 47% used [0x00000000c0000000,0x00000000c394f948,0x00000000c7900000)
 Metaspace       used 90400K, capacity 91610K, committed 91928K, reserved 1128448K
  class space    used 12991K, capacity 13275K, committed 13344K, reserved 1048576K
}

Deoptimization events (10 events):
Event: 2652.455 Thread 0x000000001fc42800 Uncommon trap: reason=array_check action=maybe_recompile pc=0x00000000056f2a7c method=java.util.TimSort.binarySort([Ljava/lang/Object;IIILjava/util/Comparator;)V @ 183
Event: 2652.497 Thread 0x000000001e7ba000 Uncommon trap: reason=unstable_if action=reinterpret pc=0x0000000005266374 method=scala.collection.mutable.ArrayBuilder$.make(Lscala/reflect/ClassTag;)Lscala/collection/mutable/ArrayBuilder; @ 241
Event: 2652.700 Thread 0x000000001ddda000 Uncommon trap: reason=unstable_if action=reinterpret pc=0x0000000005099b4c method=org.apache.spark.util.AccumulatorV2.name()Lscala/Option; @ 8
Event: 2652.940 Thread 0x000000001e7ba000 Uncommon trap: reason=class_check action=maybe_recompile pc=0x000000000538fae8 method=scala.collection.mutable.FlatHashTable$class.findElemImpl(Lscala/collection/mutable/FlatHashTable;Ljava/lang/Object;)Ljava/lang/Object; @ 63
Event: 2652.940 Thread 0x000000001e7ba000 Uncommon trap: reason=unstable_if action=reinterpret pc=0x00000000039e4520 method=scala.runtime.BoxesRunTime.typeCode(Ljava/lang/Object;)I @ 13
Event: 2652.940 Thread 0x000000001e7ba000 Uncommon trap: reason=unstable_if action=reinterpret pc=0x0000000004fcc184 method=scala.runtime.BoxesRunTime.typeCode(Ljava/lang/Object;)I @ 13
Event: 2652.940 Thread 0x000000001e7ba000 Uncommon trap: reason=class_check action=maybe_recompile pc=0x000000000538fae8 method=scala.collection.mutable.FlatHashTable$class.findElemImpl(Lscala/collection/mutable/FlatHashTable;Ljava/lang/Object;)Ljava/lang/Object; @ 63
Event: 2652.940 Thread 0x000000001e7ba000 Uncommon trap: reason=unstable_if action=reinterpret pc=0x0000000003a92994 method=scala.runtime.BoxesRunTime.typeCode(Ljava/lang/Object;)I @ 13
Event: 2652.940 Thread 0x000000001e7ba000 Uncommon trap: reason=class_check action=maybe_recompile pc=0x000000000538fae8 method=scala.collection.mutable.FlatHashTable$class.findElemImpl(Lscala/collection/mutable/FlatHashTable;Ljava/lang/Object;)Ljava/lang/Object; @ 63
Event: 2652.940 Thread 0x000000001e7ba000 Uncommon trap: reason=class_check action=maybe_recompile pc=0x000000000538fae8 method=scala.collection.mutable.FlatHashTable$class.findElemImpl(Lscala/collection/mutable/FlatHashTable;Ljava/lang/Object;)Ljava/lang/Object; @ 63

Classes redefined (0 events):
No events

Internal exceptions (10 events):
Event: 2652.458 Thread 0x000000001fc42800 Exception <a 'java/lang/NoSuchMethodError': <clinit>> (0x00000000ef41db78) thrown at [C:\re\workspace\8-2-build-windows-amd64-cygwin\jdk8u221\13320\hotspot\src\share\vm\prims\jni.cpp, line 1614]
Event: 2652.458 Thread 0x000000001fc42800 Exception <a 'java/lang/NoSuchMethodError': <clinit>> (0x00000000ef42afb8) thrown at [C:\re\workspace\8-2-build-windows-amd64-cygwin\jdk8u221\13320\hotspot\src\share\vm\prims\jni.cpp, line 1614]
Event: 2652.458 Thread 0x000000001fc42800 Exception <a 'java/lang/NoSuchMethodError': <clinit>> (0x00000000ef43aab0) thrown at [C:\re\workspace\8-2-build-windows-amd64-cygwin\jdk8u221\13320\hotspot\src\share\vm\prims\jni.cpp, line 1614]
Event: 2652.459 Thread 0x000000001fc42800 Exception <a 'java/lang/NoSuchMethodError': <clinit>> (0x00000000ef44bba8) thrown at [C:\re\workspace\8-2-build-windows-amd64-cygwin\jdk8u221\13320\hotspot\src\share\vm\prims\jni.cpp, line 1614]
Event: 2652.459 Thread 0x000000001fc42800 Exception <a 'java/lang/NoSuchMethodError': <clinit>> (0x00000000ef4595c8) thrown at [C:\re\workspace\8-2-build-windows-amd64-cygwin\jdk8u221\13320\hotspot\src\share\vm\prims\jni.cpp, line 1614]
Event: 2652.460 Thread 0x000000001fc42800 Exception <a 'java/lang/NoSuchMethodError': <clinit>> (0x00000000ef466b28) thrown at [C:\re\workspace\8-2-build-windows-amd64-cygwin\jdk8u221\13320\hotspot\src\share\vm\prims\jni.cpp, line 1614]
Event: 2652.460 Thread 0x000000001fc42800 Exception <a 'java/lang/NoSuchMethodError': <clinit>> (0x00000000ef47c2c0) thrown at [C:\re\workspace\8-2-build-windows-amd64-cygwin\jdk8u221\13320\hotspot\src\share\vm\prims\jni.cpp, line 1614]
Event: 2652.461 Thread 0x000000001fc42800 Exception <a 'java/lang/NoSuchMethodError': <clinit>> (0x00000000ef49de40) thrown at [C:\re\workspace\8-2-build-windows-amd64-cygwin\jdk8u221\13320\hotspot\src\share\vm\prims\jni.cpp, line 1614]
Event: 2652.461 Thread 0x000000001fc42800 Exception <a 'java/lang/NoSuchMethodError': <clinit>> (0x00000000ef4ad7c0) thrown at [C:\re\workspace\8-2-build-windows-amd64-cygwin\jdk8u221\13320\hotspot\src\share\vm\prims\jni.cpp, line 1614]
Event: 2652.464 Thread 0x0000000017105000 Exception <a 'java/lang/NoSuchMethodError': <clinit>> (0x00000000ef9498e0) thrown at [C:\re\workspace\8-2-build-windows-amd64-cygwin\jdk8u221\13320\hotspot\src\share\vm\prims\jni.cpp, line 1614]

Events (10 events):
Event: 2652.971 loading class com/microsoft/ml/spark/lightgbm/TrainUtils$$anonfun$createBooster$1
Event: 2652.971 loading class com/microsoft/ml/spark/lightgbm/TrainUtils$$anonfun$createBooster$1 done
Event: 2652.972 loading class com/microsoft/ml/spark/lightgbm/TrainUtils$$anonfun$createBooster$2
Event: 2652.972 loading class com/microsoft/ml/spark/lightgbm/TrainUtils$$anonfun$createBooster$2 done
Event: 2652.972 loading class com/microsoft/ml/spark/lightgbm/TrainUtils$$anonfun$createBooster$3
Event: 2652.972 loading class com/microsoft/ml/spark/lightgbm/TrainUtils$$anonfun$createBooster$3 done
Event: 2652.972 loading class com/microsoft/ml/lightgbm/SWIGTYPE_p_p_char
Event: 2652.972 loading class com/microsoft/ml/lightgbm/SWIGTYPE_p_p_char done
Event: 2652.973 loading class com/microsoft/ml/spark/lightgbm/TrainUtils$$anonfun$getEvalNames$1
Event: 2652.973 loading class com/microsoft/ml/spark/lightgbm/TrainUtils$$anonfun$getEvalNames$1 done


Dynamic libraries:
0x00007ff780510000 - 0x00007ff780547000 	C:\Program Files\Java\jdk1.8.0_221\bin\java.exe
0x00007ffcc1a00000 - 0x00007ffcc1bed000 	C:\WINDOWS\SYSTEM32\ntdll.dll
0x00007ffcbf250000 - 0x00007ffcbf303000 	C:\WINDOWS\System32\KERNEL32.DLL
0x00007ffcbe730000 - 0x00007ffcbe9c3000 	C:\WINDOWS\System32\KERNELBASE.dll
0x00007ffcbf310000 - 0x00007ffcbf3b3000 	C:\WINDOWS\System32\ADVAPI32.dll
0x00007ffcc1460000 - 0x00007ffcc14fe000 	C:\WINDOWS\System32\msvcrt.dll
0x00007ffcc1900000 - 0x00007ffcc199e000 	C:\WINDOWS\System32\sechost.dll
0x00007ffcbf980000 - 0x00007ffcbfaa2000 	C:\WINDOWS\System32\RPCRT4.dll
0x00007ffcbf0b0000 - 0x00007ffcbf247000 	C:\WINDOWS\System32\USER32.dll
0x00007ffcbe9f0000 - 0x00007ffcbea10000 	C:\WINDOWS\System32\win32u.dll
0x00007ffcc1500000 - 0x00007ffcc1529000 	C:\WINDOWS\System32\GDI32.dll
0x00007ffcbea10000 - 0x00007ffcbeba9000 	C:\WINDOWS\System32\gdi32full.dll
0x00007ffcbdaa0000 - 0x00007ffcbdb40000 	C:\WINDOWS\System32\msvcp_win.dll
0x00007ffcbdc50000 - 0x00007ffcbdd4a000 	C:\WINDOWS\System32\ucrtbase.dll
0x00007ffcb2ed0000 - 0x00007ffcb3149000 	C:\WINDOWS\WinSxS\amd64_microsoft.windows.common-controls_6595b64144ccf1df_6.0.17763.678_none_05b74150071d72bf\COMCTL32.dll
0x00007ffcbed80000 - 0x00007ffcbf0ac000 	C:\WINDOWS\System32\combase.dll
0x00007ffcbdbd0000 - 0x00007ffcbdc4e000 	C:\WINDOWS\System32\bcryptPrimitives.dll
0x00007ffcc1530000 - 0x00007ffcc155e000 	C:\WINDOWS\System32\IMM32.DLL
0x000000005f190000 - 0x000000005f262000 	C:\Program Files\Java\jdk1.8.0_221\jre\bin\msvcr100.dll
0x000000005e8e0000 - 0x000000005f185000 	C:\Program Files\Java\jdk1.8.0_221\jre\bin\server\jvm.dll
0x00007ffcbec00000 - 0x00007ffcbec08000 	C:\WINDOWS\System32\PSAPI.DLL
0x00007ffcb8390000 - 0x00007ffcb839a000 	C:\WINDOWS\SYSTEM32\VERSION.dll
0x00007ffcaea10000 - 0x00007ffcaea19000 	C:\WINDOWS\SYSTEM32\WSOCK32.dll
0x00007ffcbbb50000 - 0x00007ffcbbb74000 	C:\WINDOWS\SYSTEM32\WINMM.dll
0x00007ffcc1890000 - 0x00007ffcc18fd000 	C:\WINDOWS\System32\WS2_32.dll
0x00007ffcbbaf0000 - 0x00007ffcbbb1d000 	C:\WINDOWS\SYSTEM32\WINMMBASE.dll
0x00007ffcbebb0000 - 0x00007ffcbebfa000 	C:\WINDOWS\System32\cfgmgr32.dll
0x00007ffcb8630000 - 0x00007ffcb863f000 	C:\Program Files\Java\jdk1.8.0_221\jre\bin\verify.dll
0x00007ffcae160000 - 0x00007ffcae189000 	C:\Program Files\Java\jdk1.8.0_221\jre\bin\java.dll
0x00007ffcb8290000 - 0x00007ffcb82a6000 	C:\Program Files\Java\jdk1.8.0_221\jre\bin\zip.dll
0x00007ffcbfab0000 - 0x00007ffcc0fa0000 	C:\WINDOWS\System32\SHELL32.dll
0x00007ffcbec70000 - 0x00007ffcbed18000 	C:\WINDOWS\System32\shcore.dll
0x00007ffcbdf30000 - 0x00007ffcbe67a000 	C:\WINDOWS\System32\windows.storage.dll
0x00007ffcbd9f0000 - 0x00007ffcbda14000 	C:\WINDOWS\System32\profapi.dll
0x00007ffcbda20000 - 0x00007ffcbda7d000 	C:\WINDOWS\System32\powrprof.dll
0x00007ffcc1160000 - 0x00007ffcc11b2000 	C:\WINDOWS\System32\shlwapi.dll
0x00007ffcbd9d0000 - 0x00007ffcbd9e1000 	C:\WINDOWS\System32\kernel.appcore.dll
0x00007ffcbe9d0000 - 0x00007ffcbe9e7000 	C:\WINDOWS\System32\cryptsp.dll
0x00007ffcadb30000 - 0x00007ffcadb4a000 	C:\Program Files\Java\jdk1.8.0_221\jre\bin\net.dll
0x00007ffcb1cd0000 - 0x00007ffcb1ea7000 	C:\WINDOWS\SYSTEM32\urlmon.dll
0x00007ffcb03a0000 - 0x00007ffcb0648000 	C:\WINDOWS\SYSTEM32\iertutil.dll
0x00007ffcbd410000 - 0x00007ffcbd41c000 	C:\WINDOWS\SYSTEM32\CRYPTBASE.DLL
0x00007ffcbd240000 - 0x00007ffcbd2a7000 	C:\WINDOWS\system32\mswsock.dll
0x00007ffca3ca0000 - 0x00007ffca3cb6000 	C:\WINDOWS\system32\napinsp.dll
0x00007ffca3930000 - 0x00007ffca394a000 	C:\WINDOWS\system32\pnrpnsp.dll
0x00007ffcbcfa0000 - 0x00007ffcbd066000 	C:\WINDOWS\SYSTEM32\DNSAPI.dll
0x00007ffcc1880000 - 0x00007ffcc1888000 	C:\WINDOWS\System32\NSI.dll
0x00007ffcbcf60000 - 0x00007ffcbcf9d000 	C:\WINDOWS\SYSTEM32\IPHLPAPI.DLL
0x00007ffca73b0000 - 0x00007ffca73be000 	C:\WINDOWS\System32\winrnr.dll
0x00007ffcba140000 - 0x00007ffcba15b000 	C:\WINDOWS\system32\NLAapi.dll
0x00007ffca33b0000 - 0x00007ffca33c5000 	C:\WINDOWS\system32\wshbth.dll
0x00000000606c0000 - 0x00000000606e6000 	C:\Program Files\Bonjour\mdnsNSP.dll
0x00007ffcb27a0000 - 0x00007ffcb27aa000 	C:\Windows\System32\rasadhlp.dll
0x00007ffcb47f0000 - 0x00007ffcb4869000 	C:\WINDOWS\System32\fwpuclnt.dll
0x00007ffcbdb40000 - 0x00007ffcbdb66000 	C:\WINDOWS\System32\bcrypt.dll
0x00007ffcbcdc0000 - 0x00007ffcbcdf3000 	C:\WINDOWS\system32\rsaenh.dll
0x00007ffcbd900000 - 0x00007ffcbd928000 	C:\WINDOWS\SYSTEM32\USERENV.dll
0x00007ffcb48f0000 - 0x00007ffcb4906000 	C:\WINDOWS\SYSTEM32\dhcpcsvc6.DLL
0x00007ffcb48d0000 - 0x00007ffcb48ec000 	C:\WINDOWS\SYSTEM32\dhcpcsvc.DLL
0x00007ffcadaa0000 - 0x00007ffcadab2000 	C:\Program Files\Java\jdk1.8.0_221\jre\bin\nio.dll
0x00007ffca9740000 - 0x00007ffca9764000 	C:\Program Files\Java\jdk1.8.0_221\jre\bin\sunec.dll
0x00007ffcb8620000 - 0x00007ffcb862b000 	C:\Program Files\Java\jdk1.8.0_221\jre\bin\sunmscapi.dll
0x00007ffcbdd50000 - 0x00007ffcbdf2b000 	C:\WINDOWS\System32\CRYPT32.dll
0x00007ffcbda80000 - 0x00007ffcbda92000 	C:\WINDOWS\System32\MSASN1.dll
0x00007ffcb76f0000 - 0x00007ffcb76fd000 	C:\Program Files\Java\jdk1.8.0_221\jre\bin\management.dll
0x00007ffcafc80000 - 0x00007ffcafc89000 	C:\Program Files\Java\jdk1.8.0_221\jre\bin\w2k_lsa_auth.dll
0x00007ffcaf7b0000 - 0x00007ffcaf7bc000 	C:\WINDOWS\SYSTEM32\Secur32.dll
0x00007ffcbd8d0000 - 0x00007ffcbd8ff000 	C:\WINDOWS\SYSTEM32\SSPICLI.DLL
0x00007ffcafc70000 - 0x00007ffcafc78000 	C:\Program Files\Java\jdk1.8.0_221\jre\bin\jaas_nt.dll
0x00007ffcbca40000 - 0x00007ffcbca71000 	C:\WINDOWS\SYSTEM32\ntmarta.dll
0x0000000066f40000 - 0x0000000066f6d000 	C:\Users\Pablo\AppData\Local\Temp\liblz4-java3258565070920913874.so
0x00007ffca94d0000 - 0x00007ffca95f9000 	C:\Users\Pablo\AppData\Local\Temp\mml-natives4253762215286351368\lib_lightgbm.dll
0x00007ffcaf3c0000 - 0x00007ffcaf459000 	C:\WINDOWS\SYSTEM32\MSVCP140.dll
0x00007ffcaf3a0000 - 0x00007ffcaf3b6000 	C:\WINDOWS\SYSTEM32\VCRUNTIME140.dll
0x00007ffcba330000 - 0x00007ffcba359000 	C:\WINDOWS\SYSTEM32\VCOMP140.DLL
0x00007ffcba390000 - 0x00007ffcba3a1000 	C:\Users\Pablo\AppData\Local\Temp\mml-natives1222825023189612206\lib_lightgbm_swig.dll
0x00007ffcaa250000 - 0x00007ffcaa43d000 	C:\WINDOWS\SYSTEM32\dbghelp.dll

VM Arguments:
jvm_args: -Xmx1g 
java_command: org.apache.spark.deploy.SparkSubmit --conf spark.jars.packages=com.microsoft.ml.spark:mmlspark_2.11:0.18.1 --conf spark.app.name=MyApp pyspark-shell
java_class_path (initial): C:\Users\Pablo\Anaconda3\Lib\site-packages\pyspark\bin\..\conf;C:\Users\Pablo\Anaconda3\Lib\site-packages\pyspark\bin\..\jars\activation-1.1.1.jar;C:\Users\Pablo\Anaconda3\Lib\site-packages\pyspark\bin\..\jars\aircompressor-0.10.jar;C:\Users\Pablo\Anaconda3\Lib\site-packages\pyspark\bin\..\jars\antlr-2.7.7.jar;C:\Users\Pablo\Anaconda3\Lib\site-packages\pyspark\bin\..\jars\antlr-runtime-3.4.jar;C:\Users\Pablo\Anaconda3\Lib\site-packages\pyspark\bin\..\jars\antlr4-runtime-4.7.jar;C:\Users\Pablo\Anaconda3\Lib\site-packages\pyspark\bin\..\jars\aopalliance-1.0.jar;C:\Users\Pablo\Anaconda3\Lib\site-packages\pyspark\bin\..\jars\aopalliance-repackaged-2.4.0-b34.jar;C:\Users\Pablo\Anaconda3\Lib\site-packages\pyspark\bin\..\jars\apache-log4j-extras-1.2.17.jar;C:\Users\Pablo\Anaconda3\Lib\site-packages\pyspark\bin\..\jars\apacheds-i18n-2.0.0-M15.jar;C:\Users\Pablo\Anaconda3\Lib\site-packages\pyspark\bin\..\jars\apacheds-kerberos-codec-2.0.0-M15.jar;C:\Users\Pablo\Anaconda3\Lib\site-packages\pyspark\bin\..\jars\api-asn1-api-1.0.0-M20.jar;C:\Users\Pablo\Anaconda3\Lib\site-packages\pyspark\bin\..\jars\api-util-1.0.0-M20.jar;C:\Users\Pablo\Anaconda3\Lib\site-packages\pyspark\bin\..\jars\arpack_combined_all-0.1.jar;C:\Users\Pablo\Anaconda3\Lib\site-packages\pyspark\bin\..\jars\arrow-format-0.10.0.jar;C:\Users\Pablo\Anaconda3\Lib\site-packages\pyspark\bin\..\jars\arrow-memory-0.10.0.jar;C:\Users\Pablo\Anaconda3\Lib\site-packages\pyspark\bin\..\jars\arrow-vector-0.10.0.jar;C:\Users\Pablo\Anaconda3\Lib\site-packages\pyspark\bin\..\jars\automaton-1.11-8.jar;C:\Users\Pablo\Anaconda3\Lib\site-packages\pyspark\bin\..\jars\avro-1.8.2.jar;C:\Users\Pablo\Anaconda3\Lib\site-packages\pyspark\bin\..\jars\avro-ipc-1.8.2.jar;C:\Users\Pablo\Anaconda3\Lib\site-packages\pyspark\bin\..\jars\avro-mapred-1.8.2-hadoop2.jar;C:\Users\Pablo\Anaconda3\Lib\site-packages\pyspark\bin\..\jars\bonecp-0.8.0.RELEASE.jar;C:\Users\Pablo\Anaconda3\Lib\site-packages\pyspark\bin\..\jars\bre
Launcher Type: SUN_STANDARD

Environment Variables:
JAVA_HOME=C:\Program Files\Java\jdk1.8.0_221
PATH=C:\Users\Pablo\Anaconda3;C:\Users\Pablo\Anaconda3\Library\mingw-w64\bin;C:\Users\Pablo\Anaconda3\Library\usr\bin;C:\Users\Pablo\Anaconda3\Library\bin;C:\Users\Pablo\Anaconda3\Scripts;C:\Users\Pablo\Anaconda3\bin;C:\Users\Pablo\Anaconda3\condabin;C:\Users\Pablo\Anaconda3;C:\Users\Pablo\Anaconda3\Library\mingw-w64\bin;C:\Users\Pablo\Anaconda3\Library\usr\bin;C:\Users\Pablo\Anaconda3\Library\bin;C:\Users\Pablo\Anaconda3\Scripts;C:\Program Files (x86)\Common Files\Oracle\Java\javapath;C:\WINDOWS\system32;C:\WINDOWS;C:\WINDOWS\System32\Wbem;C:\WINDOWS\System32\WindowsPowerShell\v1.0;C:\WINDOWS\System32\OpenSSH;C:\Program Files\NVIDIA Corporation\NVIDIA NvDLISR;C:\Program Files (x86)\NVIDIA Corporation\PhysX\Common;C:\Program Files\CMake\bin;C:\Program Files\PuTTY;C:\Program Files\dotnet;C:\Program Files\Microsoft SQL Server\130\Tools\Binn;C:\Program Files\Microsoft SQL Server\Client SDK\ODBC\170\Tools\Binn;C:\Program Files\Java\jdk1.8.0_221\bin;C:\Users\Pablo\AppData\Local\Microsoft\WindowsApps;.
USERNAME=Pablo
OS=Windows_NT
PROCESSOR_IDENTIFIER=Intel64 Family 6 Model 60 Stepping 3, GenuineIntel



---------------  S Y S T E M  ---------------

OS: Windows 10.0 , 64 bit Build 17763 (10.0.17763.475)

CPU:total 4 (initial active 4) (4 cores per cpu, 1 threads per core) family 6 model 60 stepping 3, cmov, cx8, fxsr, mmx, sse, sse2, sse3, ssse3, sse4.1, sse4.2, popcnt, avx, avx2, aes, clmul, erms, lzcnt, tsc, tscinvbit, bmi1, bmi2

Memory: 4k page, physical 16667960k(10956100k free), swap 19158328k(12777984k free)

vm_info: Java HotSpot(TM) 64-Bit Server VM (25.221-b11) for windows-amd64 JRE (1.8.0_221-b11), built on Jul  4 2019 04:39:29 by "java_re" with MS VC++ 10.0 (VS2010)

time: Sat Aug 24 02:22:28 2019
timezone: SA Pacific Standard Time
elapsed time: 2653 seconds (0d 0h 44m 13s)

